<?xml version="1.0" encoding="UTF-8"?>
<robot generator="Robot 7.0 (Python 3.12.3 on darwin)" generated="2024-06-01T16:49:59.623164" rpa="false" schemaversion="5">
<suite id="s1" name="Tests" source="/Users/ricky9667/Projects/software-testing-and-verification/LabReport/Lab5/tests">
<suite id="s1-s1" name="Test" source="/Users/ricky9667/Projects/software-testing-and-verification/LabReport/Lab5/tests/test.robot">
<test id="s1-s1-t1" name="Create A Post" line="10">
<kw name="Run Keywords" owner="BuiltIn" type="SETUP">
<kw name="Set Screenshot Directory" owner="SeleniumLibrary">
<arg>./screenshots</arg>
<doc>Sets the directory for captured screenshots.</doc>
<status status="PASS" start="2024-06-01T16:49:59.720767" elapsed="0.000088"/>
</kw>
<kw name="Open Keystone Website By Chrome" owner="utility">
<kw name="Open Browser" owner="SeleniumLibrary">
<msg time="2024-06-01T16:49:59.721123" level="INFO">Opening browser 'Chrome' to base url 'http://127.0.0.1:3000/'.</msg>
<msg time="2024-06-01T16:50:00.408208" level="WARN">Error sending stats to Plausible: error sending request for url (https://plausible.io/api/event)</msg>
<arg>${KEYSTONE_URL}</arg>
<arg>Chrome</arg>
<doc>Opens a new browser instance to the optional ``url``.</doc>
<status status="PASS" start="2024-06-01T16:49:59.721053" elapsed="2.854530"/>
</kw>
<kw name="Location Should Be" owner="SeleniumLibrary">
<msg time="2024-06-01T16:50:02.581238" level="INFO">Current location is 'http://127.0.0.1:3000/'.</msg>
<arg>${KEYSTONE_URL}</arg>
<doc>Verifies that the current URL is exactly ``url``.</doc>
<status status="PASS" start="2024-06-01T16:50:02.576163" elapsed="0.005119"/>
</kw>
<kw name="Maximize Browser Window" owner="SeleniumLibrary">
<doc>Maximizes current browser window.</doc>
<status status="PASS" start="2024-06-01T16:50:02.581368" elapsed="0.368476"/>
</kw>
<kw name="Set Selenium Speed" owner="SeleniumLibrary">
<arg>${DELAY}</arg>
<doc>Sets the delay that is waited after each Selenium command.</doc>
<status status="PASS" start="2024-06-01T16:50:02.950041" elapsed="0.000190"/>
</kw>
<status status="PASS" start="2024-06-01T16:49:59.720952" elapsed="3.229346"/>
</kw>
<kw name="Sign In As Administrator" owner="utility">
<kw name="Wait For Element" owner="utility">
<kw name="Wait Until Page Contains Element" owner="SeleniumLibrary">
<arg>${element}</arg>
<doc>Waits until the element ``locator`` appears on the current page.</doc>
<status status="PASS" start="2024-06-01T16:50:02.950969" elapsed="0.007749"/>
</kw>
<kw name="Wait Until Element Is Visible" owner="SeleniumLibrary">
<arg>${element}</arg>
<doc>Waits until the element ``locator`` is visible.</doc>
<status status="PASS" start="2024-06-01T16:50:02.958811" elapsed="0.007292"/>
</kw>
<kw name="Wait Until Element Is Enabled" owner="SeleniumLibrary">
<arg>${element}</arg>
<doc>Waits until the element ``locator`` is enabled.</doc>
<status status="PASS" start="2024-06-01T16:50:02.966179" elapsed="0.022119"/>
</kw>
<arg>xpath=${SIGN_IN_LINK}</arg>
<status status="PASS" start="2024-06-01T16:50:02.950810" elapsed="0.037562"/>
</kw>
<kw name="Click Element" owner="SeleniumLibrary">
<msg time="2024-06-01T16:50:02.988612" level="INFO">Clicking element 'xpath=//*[@id="navbar-collapse"]/ul[2]/li[2]/a'.</msg>
<arg>xpath=${SIGN_IN_LINK}</arg>
<doc>Click the element identified by ``locator``.</doc>
<status status="PASS" start="2024-06-01T16:50:02.988462" elapsed="0.233367"/>
</kw>
<kw name="Wait For Element" owner="utility">
<kw name="Wait Until Page Contains Element" owner="SeleniumLibrary">
<arg>${element}</arg>
<doc>Waits until the element ``locator`` appears on the current page.</doc>
<status status="PASS" start="2024-06-01T16:50:03.222343" elapsed="0.006681"/>
</kw>
<kw name="Wait Until Element Is Visible" owner="SeleniumLibrary">
<arg>${element}</arg>
<doc>Waits until the element ``locator`` is visible.</doc>
<status status="PASS" start="2024-06-01T16:50:03.229127" elapsed="0.007349"/>
</kw>
<kw name="Wait Until Element Is Enabled" owner="SeleniumLibrary">
<arg>${element}</arg>
<doc>Waits until the element ``locator`` is enabled.</doc>
<status status="PASS" start="2024-06-01T16:50:03.236580" elapsed="0.009692"/>
</kw>
<arg>xpath=${EMAIL_TEXT_BOX}</arg>
<status status="PASS" start="2024-06-01T16:50:03.222120" elapsed="0.024301"/>
</kw>
<kw name="Wait For Element" owner="utility">
<kw name="Wait Until Page Contains Element" owner="SeleniumLibrary">
<arg>${element}</arg>
<doc>Waits until the element ``locator`` appears on the current page.</doc>
<status status="PASS" start="2024-06-01T16:50:03.247390" elapsed="0.005832"/>
</kw>
<kw name="Wait Until Element Is Visible" owner="SeleniumLibrary">
<arg>${element}</arg>
<doc>Waits until the element ``locator`` is visible.</doc>
<status status="PASS" start="2024-06-01T16:50:03.253323" elapsed="0.005568"/>
</kw>
<kw name="Wait Until Element Is Enabled" owner="SeleniumLibrary">
<arg>${element}</arg>
<doc>Waits until the element ``locator`` is enabled.</doc>
<status status="PASS" start="2024-06-01T16:50:03.258978" elapsed="0.007282"/>
</kw>
<arg>xpath=${PASSWORD_TEXT_BOX}</arg>
<status status="PASS" start="2024-06-01T16:50:03.246852" elapsed="0.019463"/>
</kw>
<kw name="Input Text" owner="SeleniumLibrary">
<msg time="2024-06-01T16:50:03.266513" level="INFO">Typing text 'demo@keystonejs.com' into text field 'xpath=//input[@name='email']'.</msg>
<arg>xpath=${EMAIL_TEXT_BOX}</arg>
<arg>demo@keystonejs.com</arg>
<doc>Types the given ``text`` into the text field identified by ``locator``.</doc>
<status status="PASS" start="2024-06-01T16:50:03.266382" elapsed="0.091615"/>
</kw>
<kw name="Input Text" owner="SeleniumLibrary">
<msg time="2024-06-01T16:50:03.358262" level="INFO">Typing text 'demo' into text field 'xpath=//input[@name='password']'.</msg>
<arg>xpath=${PASSWORD_TEXT_BOX}</arg>
<arg>demo</arg>
<doc>Types the given ``text`` into the text field identified by ``locator``.</doc>
<status status="PASS" start="2024-06-01T16:50:03.358115" elapsed="0.035925"/>
</kw>
<kw name="Wait For Element" owner="utility">
<kw name="Wait Until Page Contains Element" owner="SeleniumLibrary">
<arg>${element}</arg>
<doc>Waits until the element ``locator`` appears on the current page.</doc>
<status status="PASS" start="2024-06-01T16:50:03.394368" elapsed="0.005067"/>
</kw>
<kw name="Wait Until Element Is Visible" owner="SeleniumLibrary">
<arg>${element}</arg>
<doc>Waits until the element ``locator`` is visible.</doc>
<status status="PASS" start="2024-06-01T16:50:03.399523" elapsed="0.005809"/>
</kw>
<kw name="Wait Until Element Is Enabled" owner="SeleniumLibrary">
<arg>${element}</arg>
<doc>Waits until the element ``locator`` is enabled.</doc>
<status status="PASS" start="2024-06-01T16:50:03.405418" elapsed="0.007666"/>
</kw>
<arg>xpath=${SING_IN_BUTTON}</arg>
<status status="PASS" start="2024-06-01T16:50:03.394175" elapsed="0.018977"/>
</kw>
<kw name="Click Element" owner="SeleniumLibrary">
<msg time="2024-06-01T16:50:03.413354" level="INFO">Clicking element 'xpath=//*[@id="signin-view"]/div/div[1]/div/div[2]/form/button'.</msg>
<arg>xpath=${SING_IN_BUTTON}</arg>
<doc>Click the element identified by ``locator``.</doc>
<status status="PASS" start="2024-06-01T16:50:03.413224" elapsed="0.018480"/>
</kw>
<kw name="Wait Until Location Is" owner="SeleniumLibrary">
<arg>${ADMIN_UI_URL}</arg>
<doc>Waits until the current URL is ``expected``.</doc>
<status status="PASS" start="2024-06-01T16:50:03.431842" elapsed="1.429899"/>
</kw>
<status status="PASS" start="2024-06-01T16:50:02.950474" elapsed="1.911341"/>
</kw>
<arg>Set Screenshot Directory</arg>
<arg>./screenshots</arg>
<arg>AND</arg>
<arg>Open Keystone Website By Chrome</arg>
<arg>AND</arg>
<arg>Sign In As Administrator</arg>
<doc>Executes all the given keywords in a sequence.</doc>
<status status="PASS" start="2024-06-01T16:49:59.720674" elapsed="5.141179"/>
</kw>
<kw name="Create A Post" owner="utility">
<kw name="Go To" owner="SeleniumLibrary">
<msg time="2024-06-01T16:50:04.862579" level="INFO">Opening url 'http://127.0.0.1:3000/keystone/'</msg>
<arg>${ADMIN_UI_URL}</arg>
<doc>Navigates the current browser window to the provided ``url``.</doc>
<status status="PASS" start="2024-06-01T16:50:04.862408" elapsed="0.077294"/>
</kw>
<kw name="Wait Until Location Is" owner="SeleniumLibrary">
<arg>${ADMIN_UI_URL}</arg>
<doc>Waits until the current URL is ``expected``.</doc>
<status status="PASS" start="2024-06-01T16:50:04.939960" elapsed="0.002033"/>
</kw>
<kw name="Wait For Element" owner="utility">
<kw name="Wait Until Page Contains Element" owner="SeleniumLibrary">
<arg>${element}</arg>
<doc>Waits until the element ``locator`` appears on the current page.</doc>
<status status="PASS" start="2024-06-01T16:50:04.944091" elapsed="0.005379"/>
</kw>
<kw name="Wait Until Element Is Visible" owner="SeleniumLibrary">
<arg>${element}</arg>
<doc>Waits until the element ``locator`` is visible.</doc>
<status status="PASS" start="2024-06-01T16:50:04.949600" elapsed="0.006172"/>
</kw>
<kw name="Wait Until Element Is Enabled" owner="SeleniumLibrary">
<arg>${element}</arg>
<doc>Waits until the element ``locator`` is enabled.</doc>
<status status="PASS" start="2024-06-01T16:50:04.955860" elapsed="0.007773"/>
</kw>
<arg>xpath=${CREATE_POST_BUTTON}</arg>
<status status="PASS" start="2024-06-01T16:50:04.942108" elapsed="0.021580"/>
</kw>
<kw name="Click Element" owner="SeleniumLibrary">
<msg time="2024-06-01T16:50:04.963868" level="INFO">Clicking element 'xpath=//*[@id="react-root"]/div/main/div/div[2]/div/div[1]/div[2]/div[1]/span/a[2]'.</msg>
<arg>xpath=${CREATE_POST_BUTTON}</arg>
<doc>Click the element identified by ``locator``.</doc>
<status status="PASS" start="2024-06-01T16:50:04.963753" elapsed="0.037646"/>
</kw>
<kw name="Wait Until Element Contains" owner="SeleniumLibrary">
<arg>xpath=//h4</arg>
<arg>Create a new Post</arg>
<doc>Waits until the element ``locator`` contains ``text``.</doc>
<status status="PASS" start="2024-06-01T16:50:05.001517" elapsed="0.221712"/>
</kw>
<kw name="Wait For Element" owner="utility">
<kw name="Wait Until Page Contains Element" owner="SeleniumLibrary">
<arg>${element}</arg>
<doc>Waits until the element ``locator`` appears on the current page.</doc>
<status status="PASS" start="2024-06-01T16:50:05.223506" elapsed="0.004428"/>
</kw>
<kw name="Wait Until Element Is Visible" owner="SeleniumLibrary">
<arg>${element}</arg>
<doc>Waits until the element ``locator`` is visible.</doc>
<status status="PASS" start="2024-06-01T16:50:05.228008" elapsed="0.005589"/>
</kw>
<kw name="Wait Until Element Is Enabled" owner="SeleniumLibrary">
<arg>${element}</arg>
<doc>Waits until the element ``locator`` is enabled.</doc>
<status status="PASS" start="2024-06-01T16:50:05.233667" elapsed="0.007253"/>
</kw>
<arg>xpath=${CREATE_POST_TEXT_BOX}</arg>
<status status="PASS" start="2024-06-01T16:50:05.223348" elapsed="0.017613"/>
</kw>
<kw name="Wait For Element" owner="utility">
<kw name="Wait Until Page Contains Element" owner="SeleniumLibrary">
<arg>${element}</arg>
<doc>Waits until the element ``locator`` appears on the current page.</doc>
<status status="PASS" start="2024-06-01T16:50:05.241154" elapsed="0.004587"/>
</kw>
<kw name="Wait Until Element Is Visible" owner="SeleniumLibrary">
<arg>${element}</arg>
<doc>Waits until the element ``locator`` is visible.</doc>
<status status="PASS" start="2024-06-01T16:50:05.245818" elapsed="0.005380"/>
</kw>
<kw name="Wait Until Element Is Enabled" owner="SeleniumLibrary">
<arg>${element}</arg>
<doc>Waits until the element ``locator`` is enabled.</doc>
<status status="PASS" start="2024-06-01T16:50:05.251281" elapsed="0.007036"/>
</kw>
<arg>xpath=${CREATE_BUTTON}</arg>
<status status="PASS" start="2024-06-01T16:50:05.241029" elapsed="0.017335"/>
</kw>
<kw name="Input Text" owner="SeleniumLibrary">
<msg time="2024-06-01T16:50:05.258553" level="INFO">Typing text 'TestPostTitle' into text field 'xpath=//h4/../../../div[2]/div/div/input'.</msg>
<arg>xpath=${CREATE_POST_TEXT_BOX}</arg>
<arg>${title}</arg>
<doc>Types the given ``text`` into the text field identified by ``locator``.</doc>
<status status="PASS" start="2024-06-01T16:50:05.258426" elapsed="0.026493"/>
</kw>
<kw name="Click Element" owner="SeleniumLibrary">
<msg time="2024-06-01T16:50:05.285143" level="INFO">Clicking element 'xpath=//h4/../../../div[3]/button[1]'.</msg>
<arg>xpath=${CREATE_BUTTON}</arg>
<doc>Click the element identified by ``locator``.</doc>
<status status="PASS" start="2024-06-01T16:50:05.285017" elapsed="0.016657"/>
</kw>
<kw name="Wait For Element" owner="utility">
<kw name="Wait Until Page Contains Element" owner="SeleniumLibrary">
<arg>${element}</arg>
<doc>Waits until the element ``locator`` appears on the current page.</doc>
<status status="PASS" start="2024-06-01T16:50:05.301983" elapsed="0.211193"/>
</kw>
<kw name="Wait Until Element Is Visible" owner="SeleniumLibrary">
<arg>${element}</arg>
<doc>Waits until the element ``locator`` is visible.</doc>
<status status="PASS" start="2024-06-01T16:50:05.513402" elapsed="0.010071"/>
</kw>
<kw name="Wait Until Element Is Enabled" owner="SeleniumLibrary">
<arg>${element}</arg>
<doc>Waits until the element ``locator`` is enabled.</doc>
<status status="PASS" start="2024-06-01T16:50:05.523686" elapsed="0.023710"/>
</kw>
<arg>xpath=${POST_TEXT_BOX}</arg>
<status status="PASS" start="2024-06-01T16:50:05.301802" elapsed="0.245877"/>
</kw>
<kw name="Textfield Value Should Be" owner="SeleniumLibrary">
<msg time="2024-06-01T16:50:05.565342" level="INFO">Content of text field 'xpath=/html/body/div[1]/div/main/div/div/div[1]/form/div[1]/div[1]/div/div[1]/div/div/input' is 'TestPostTitle'.</msg>
<arg>xpath=${POST_TEXT_BOX}</arg>
<arg>${title}</arg>
<doc>Verifies text field ``locator`` has exactly text ``expected``.</doc>
<status status="PASS" start="2024-06-01T16:50:05.547904" elapsed="0.017496"/>
</kw>
<arg>TestPostTitle</arg>
<status status="PASS" start="2024-06-01T16:50:04.862151" elapsed="0.703310"/>
</kw>
<kw name="Go To" owner="SeleniumLibrary">
<msg time="2024-06-01T16:50:05.565692" level="INFO">Opening url 'http://127.0.0.1:3000/keystone/posts'</msg>
<arg>${POST_URL}</arg>
<doc>Navigates the current browser window to the provided ``url``.</doc>
<status status="PASS" start="2024-06-01T16:50:05.565583" elapsed="0.085805"/>
</kw>
<kw name="Wait Until Location Is" owner="SeleniumLibrary">
<arg>${POST_URL}</arg>
<doc>Waits until the current URL is ``expected``.</doc>
<status status="PASS" start="2024-06-01T16:50:05.651642" elapsed="0.005126"/>
</kw>
<kw name="Wait Until Element Contains" owner="SeleniumLibrary">
<arg>xpath=${MANAGE_BUTTON}</arg>
<arg>Manage</arg>
<doc>Waits until the element ``locator`` contains ``text``.</doc>
<status status="PASS" start="2024-06-01T16:50:05.656917" elapsed="0.215593"/>
</kw>
<kw name="Wait For Element" owner="utility">
<kw name="Wait Until Page Contains Element" owner="SeleniumLibrary">
<arg>${element}</arg>
<doc>Waits until the element ``locator`` appears on the current page.</doc>
<status status="PASS" start="2024-06-01T16:50:05.872803" elapsed="0.004581"/>
</kw>
<kw name="Wait Until Element Is Visible" owner="SeleniumLibrary">
<arg>${element}</arg>
<doc>Waits until the element ``locator`` is visible.</doc>
<status status="PASS" start="2024-06-01T16:50:05.877454" elapsed="0.005389"/>
</kw>
<kw name="Wait Until Element Is Enabled" owner="SeleniumLibrary">
<arg>${element}</arg>
<doc>Waits until the element ``locator`` is enabled.</doc>
<status status="PASS" start="2024-06-01T16:50:05.882907" elapsed="0.007471"/>
</kw>
<arg>xpath=//h2</arg>
<status status="PASS" start="2024-06-01T16:50:05.872662" elapsed="0.017777"/>
</kw>
<kw name="Element Text Should Be" owner="SeleniumLibrary">
<msg time="2024-06-01T16:50:05.890871" level="INFO">Verifying element 'xpath=//h2' contains exact text '1 Post sorted by name'.</msg>
<arg>xpath=//h2</arg>
<arg>1 Post sorted by name</arg>
<doc>Verifies that element ``locator`` contains exact the text ``expected``.</doc>
<status status="PASS" start="2024-06-01T16:50:05.890644" elapsed="0.006972"/>
</kw>
<kw name="Element Text Should Be" owner="SeleniumLibrary">
<msg time="2024-06-01T16:50:05.897816" level="INFO">Verifying element 'xpath=//*[@id="react-root"]/div/main/div/div/div[3]/div/div/table/tbody/tr/td[2]/a' contains exact text 'TestPostTitle'.</msg>
<arg>xpath=//*[@id="react-root"]/div/main/div/div/div[3]/div/div/table/tbody/tr/td[2]/a</arg>
<arg>TestPostTitle</arg>
<doc>Verifies that element ``locator`` contains exact the text ``expected``.</doc>
<status status="PASS" start="2024-06-01T16:50:05.897728" elapsed="0.007895"/>
</kw>
<kw name="Run Keywords" owner="BuiltIn" type="TEARDOWN">
<kw name="Delete All Posts" owner="utility">
<kw name="Go To" owner="SeleniumLibrary">
<msg time="2024-06-01T16:50:05.906118" level="INFO">Opening url 'http://127.0.0.1:3000/keystone/posts'</msg>
<arg>${POST_URL}</arg>
<doc>Navigates the current browser window to the provided ``url``.</doc>
<status status="PASS" start="2024-06-01T16:50:05.906068" elapsed="0.076042"/>
</kw>
<kw name="Wait Until Location Is" owner="SeleniumLibrary">
<arg>${POST_URL}</arg>
<doc>Waits until the current URL is ``expected``.</doc>
<status status="PASS" start="2024-06-01T16:50:05.982220" elapsed="0.002114"/>
</kw>
<kw name="Wait Until Element Contains" owner="SeleniumLibrary">
<arg>xpath=${MANAGE_BUTTON}</arg>
<arg>Manage</arg>
<doc>Waits until the element ``locator`` contains ``text``.</doc>
<status status="PASS" start="2024-06-01T16:50:05.984424" elapsed="0.220977"/>
</kw>
<kw name="Click Element" owner="SeleniumLibrary">
<msg time="2024-06-01T16:50:06.205629" level="INFO">Clicking element 'xpath=//*[@id="react-root"]/div/main/div/div/div[2]/div/div[1]/div/div/button'.</msg>
<arg>xpath=${MANAGE_BUTTON}</arg>
<doc>Click the element identified by ``locator``.</doc>
<status status="PASS" start="2024-06-01T16:50:06.205502" elapsed="0.022561"/>
</kw>
<kw name="Wait Until Element Contains" owner="SeleniumLibrary">
<arg>xpath=${ALL_BUTTON}</arg>
<arg>All</arg>
<doc>Waits until the element ``locator`` contains ``text``.</doc>
<status status="PASS" start="2024-06-01T16:50:06.228173" elapsed="0.008425"/>
</kw>
<kw name="Click Element" owner="SeleniumLibrary">
<msg time="2024-06-01T16:50:06.236804" level="INFO">Clicking element 'xpath=//*[@id="react-root"]/div/main/div/div/div[2]/div/div/div/div[2]/div/button[1]'.</msg>
<arg>xpath=${ALL_BUTTON}</arg>
<doc>Click the element identified by ``locator``.</doc>
<status status="PASS" start="2024-06-01T16:50:06.236690" elapsed="0.021309"/>
</kw>
<kw name="Wait For Element" owner="utility">
<kw name="Wait Until Page Contains Element" owner="SeleniumLibrary">
<arg>${element}</arg>
<doc>Waits until the element ``locator`` appears on the current page.</doc>
<status status="PASS" start="2024-06-01T16:50:06.258320" elapsed="0.005047"/>
</kw>
<kw name="Wait Until Element Is Visible" owner="SeleniumLibrary">
<arg>${element}</arg>
<doc>Waits until the element ``locator`` is visible.</doc>
<status status="PASS" start="2024-06-01T16:50:06.263477" elapsed="0.006550"/>
</kw>
<kw name="Wait Until Element Is Enabled" owner="SeleniumLibrary">
<arg>${element}</arg>
<doc>Waits until the element ``locator`` is enabled.</doc>
<status status="PASS" start="2024-06-01T16:50:06.270134" elapsed="0.007094"/>
</kw>
<arg>xpath=${DELETE_BUTTON}</arg>
<status status="PASS" start="2024-06-01T16:50:06.258135" elapsed="0.019152"/>
</kw>
<kw name="Click Element" owner="SeleniumLibrary">
<msg time="2024-06-01T16:50:06.277478" level="INFO">Clicking element 'xpath=//*[@id="react-root"]/div/main/div/div/div[2]/div/div/div/div[3]/button'.</msg>
<arg>xpath=${DELETE_BUTTON}</arg>
<doc>Click the element identified by ``locator``.</doc>
<status status="PASS" start="2024-06-01T16:50:06.277356" elapsed="0.022172"/>
</kw>
<kw name="Wait For Element" owner="utility">
<kw name="Wait Until Page Contains Element" owner="SeleniumLibrary">
<arg>${element}</arg>
<doc>Waits until the element ``locator`` appears on the current page.</doc>
<status status="PASS" start="2024-06-01T16:50:06.300018" elapsed="0.005392"/>
</kw>
<kw name="Wait Until Element Is Visible" owner="SeleniumLibrary">
<arg>${element}</arg>
<doc>Waits until the element ``locator`` is visible.</doc>
<status status="PASS" start="2024-06-01T16:50:06.305510" elapsed="0.006368"/>
</kw>
<kw name="Wait Until Element Is Enabled" owner="SeleniumLibrary">
<arg>${element}</arg>
<doc>Waits until the element ``locator`` is enabled.</doc>
<status status="PASS" start="2024-06-01T16:50:06.311975" elapsed="0.008172"/>
</kw>
<arg>xpath=${CONFIRM_DELETE_WIDGET}</arg>
<status status="PASS" start="2024-06-01T16:50:06.299672" elapsed="0.020535"/>
</kw>
<kw name="Wait For Element" owner="utility">
<kw name="Wait Until Page Contains Element" owner="SeleniumLibrary">
<arg>${element}</arg>
<doc>Waits until the element ``locator`` appears on the current page.</doc>
<status status="PASS" start="2024-06-01T16:50:06.320454" elapsed="0.005021"/>
</kw>
<kw name="Wait Until Element Is Visible" owner="SeleniumLibrary">
<arg>${element}</arg>
<doc>Waits until the element ``locator`` is visible.</doc>
<status status="PASS" start="2024-06-01T16:50:06.325567" elapsed="0.005898"/>
</kw>
<kw name="Wait Until Element Is Enabled" owner="SeleniumLibrary">
<arg>${element}</arg>
<doc>Waits until the element ``locator`` is enabled.</doc>
<status status="PASS" start="2024-06-01T16:50:06.331549" elapsed="0.007599"/>
</kw>
<arg>xpath=${CONFIRM_DELETE_BUTTON}</arg>
<status status="PASS" start="2024-06-01T16:50:06.320295" elapsed="0.018907"/>
</kw>
<kw name="Click Element" owner="SeleniumLibrary">
<msg time="2024-06-01T16:50:06.339383" level="INFO">Clicking element 'xpath=/html/body/div[8]/div/div/div/div/div[2]/button[1]'.</msg>
<arg>xpath=${CONFIRM_DELETE_BUTTON}</arg>
<doc>Click the element identified by ``locator``.</doc>
<status status="PASS" start="2024-06-01T16:50:06.339267" elapsed="0.019578"/>
</kw>
<status status="PASS" start="2024-06-01T16:50:05.905972" elapsed="0.452951"/>
</kw>
<kw name="Close Browser" owner="SeleniumLibrary">
<doc>Closes the current browser.</doc>
<status status="PASS" start="2024-06-01T16:50:06.359024" elapsed="0.089094"/>
</kw>
<arg>Delete All Posts</arg>
<arg>AND</arg>
<arg>Close Browser</arg>
<doc>Executes all the given keywords in a sequence.</doc>
<status status="PASS" start="2024-06-01T16:50:05.905841" elapsed="0.542340"/>
</kw>
<status status="PASS" start="2024-06-01T16:49:59.720301" elapsed="6.727959"/>
</test>
<test id="s1-s1-t2" name="Create Posts" line="23">
<kw name="Run Keywords" owner="BuiltIn" type="SETUP">
<kw name="Set Screenshot Directory" owner="SeleniumLibrary">
<arg>./screenshots</arg>
<doc>Sets the directory for captured screenshots.</doc>
<status status="PASS" start="2024-06-01T16:50:06.448988" elapsed="0.000149"/>
</kw>
<kw name="Open Keystone Website By Chrome" owner="utility">
<kw name="Open Browser" owner="SeleniumLibrary">
<msg time="2024-06-01T16:50:06.449474" level="INFO">Opening browser 'Chrome' to base url 'http://127.0.0.1:3000/'.</msg>
<arg>${KEYSTONE_URL}</arg>
<arg>Chrome</arg>
<doc>Opens a new browser instance to the optional ``url``.</doc>
<status status="PASS" start="2024-06-01T16:50:06.449390" elapsed="1.184139"/>
</kw>
<kw name="Location Should Be" owner="SeleniumLibrary">
<msg time="2024-06-01T16:50:07.638635" level="INFO">Current location is 'http://127.0.0.1:3000/'.</msg>
<arg>${KEYSTONE_URL}</arg>
<doc>Verifies that the current URL is exactly ``url``.</doc>
<status status="PASS" start="2024-06-01T16:50:07.634218" elapsed="0.004479"/>
</kw>
<kw name="Maximize Browser Window" owner="SeleniumLibrary">
<doc>Maximizes current browser window.</doc>
<status status="PASS" start="2024-06-01T16:50:07.638983" elapsed="0.378366"/>
</kw>
<kw name="Set Selenium Speed" owner="SeleniumLibrary">
<arg>${DELAY}</arg>
<doc>Sets the delay that is waited after each Selenium command.</doc>
<status status="PASS" start="2024-06-01T16:50:08.017462" elapsed="0.000146"/>
</kw>
<status status="PASS" start="2024-06-01T16:50:06.449262" elapsed="1.568402"/>
</kw>
<kw name="Sign In As Administrator" owner="utility">
<kw name="Wait For Element" owner="utility">
<kw name="Wait Until Page Contains Element" owner="SeleniumLibrary">
<arg>${element}</arg>
<doc>Waits until the element ``locator`` appears on the current page.</doc>
<status status="PASS" start="2024-06-01T16:50:08.018185" elapsed="0.006170"/>
</kw>
<kw name="Wait Until Element Is Visible" owner="SeleniumLibrary">
<arg>${element}</arg>
<doc>Waits until the element ``locator`` is visible.</doc>
<status status="PASS" start="2024-06-01T16:50:08.024583" elapsed="0.017493"/>
</kw>
<kw name="Wait Until Element Is Enabled" owner="SeleniumLibrary">
<arg>${element}</arg>
<doc>Waits until the element ``locator`` is enabled.</doc>
<status status="PASS" start="2024-06-01T16:50:08.042230" elapsed="0.009460"/>
</kw>
<arg>xpath=${SIGN_IN_LINK}</arg>
<status status="PASS" start="2024-06-01T16:50:08.017932" elapsed="0.033836"/>
</kw>
<kw name="Click Element" owner="SeleniumLibrary">
<msg time="2024-06-01T16:50:08.051971" level="INFO">Clicking element 'xpath=//*[@id="navbar-collapse"]/ul[2]/li[2]/a'.</msg>
<arg>xpath=${SIGN_IN_LINK}</arg>
<doc>Click the element identified by ``locator``.</doc>
<status status="PASS" start="2024-06-01T16:50:08.051849" elapsed="0.184047"/>
</kw>
<kw name="Wait For Element" owner="utility">
<kw name="Wait Until Page Contains Element" owner="SeleniumLibrary">
<arg>${element}</arg>
<doc>Waits until the element ``locator`` appears on the current page.</doc>
<status status="PASS" start="2024-06-01T16:50:08.236260" elapsed="0.009277"/>
</kw>
<kw name="Wait Until Element Is Visible" owner="SeleniumLibrary">
<arg>${element}</arg>
<doc>Waits until the element ``locator`` is visible.</doc>
<status status="PASS" start="2024-06-01T16:50:08.245657" elapsed="0.007653"/>
</kw>
<kw name="Wait Until Element Is Enabled" owner="SeleniumLibrary">
<arg>${element}</arg>
<doc>Waits until the element ``locator`` is enabled.</doc>
<status status="PASS" start="2024-06-01T16:50:08.253417" elapsed="0.007712"/>
</kw>
<arg>xpath=${EMAIL_TEXT_BOX}</arg>
<status status="PASS" start="2024-06-01T16:50:08.236062" elapsed="0.025130"/>
</kw>
<kw name="Wait For Element" owner="utility">
<kw name="Wait Until Page Contains Element" owner="SeleniumLibrary">
<arg>${element}</arg>
<doc>Waits until the element ``locator`` appears on the current page.</doc>
<status status="PASS" start="2024-06-01T16:50:08.261450" elapsed="0.005788"/>
</kw>
<kw name="Wait Until Element Is Visible" owner="SeleniumLibrary">
<arg>${element}</arg>
<doc>Waits until the element ``locator`` is visible.</doc>
<status status="PASS" start="2024-06-01T16:50:08.267375" elapsed="0.009520"/>
</kw>
<kw name="Wait Until Element Is Enabled" owner="SeleniumLibrary">
<arg>${element}</arg>
<doc>Waits until the element ``locator`` is enabled.</doc>
<status status="PASS" start="2024-06-01T16:50:08.277080" elapsed="0.009271"/>
</kw>
<arg>xpath=${PASSWORD_TEXT_BOX}</arg>
<status status="PASS" start="2024-06-01T16:50:08.261285" elapsed="0.025155"/>
</kw>
<kw name="Input Text" owner="SeleniumLibrary">
<msg time="2024-06-01T16:50:08.286730" level="INFO">Typing text 'demo@keystonejs.com' into text field 'xpath=//input[@name='email']'.</msg>
<arg>xpath=${EMAIL_TEXT_BOX}</arg>
<arg>demo@keystonejs.com</arg>
<doc>Types the given ``text`` into the text field identified by ``locator``.</doc>
<status status="PASS" start="2024-06-01T16:50:08.286538" elapsed="0.082211"/>
</kw>
<kw name="Input Text" owner="SeleniumLibrary">
<msg time="2024-06-01T16:50:08.368999" level="INFO">Typing text 'demo' into text field 'xpath=//input[@name='password']'.</msg>
<arg>xpath=${PASSWORD_TEXT_BOX}</arg>
<arg>demo</arg>
<doc>Types the given ``text`` into the text field identified by ``locator``.</doc>
<status status="PASS" start="2024-06-01T16:50:08.368860" elapsed="0.031889"/>
</kw>
<kw name="Wait For Element" owner="utility">
<kw name="Wait Until Page Contains Element" owner="SeleniumLibrary">
<arg>${element}</arg>
<doc>Waits until the element ``locator`` appears on the current page.</doc>
<status status="PASS" start="2024-06-01T16:50:08.401047" elapsed="0.005037"/>
</kw>
<kw name="Wait Until Element Is Visible" owner="SeleniumLibrary">
<arg>${element}</arg>
<doc>Waits until the element ``locator`` is visible.</doc>
<status status="PASS" start="2024-06-01T16:50:08.406186" elapsed="0.006179"/>
</kw>
<kw name="Wait Until Element Is Enabled" owner="SeleniumLibrary">
<arg>${element}</arg>
<doc>Waits until the element ``locator`` is enabled.</doc>
<status status="PASS" start="2024-06-01T16:50:08.412452" elapsed="0.007503"/>
</kw>
<arg>xpath=${SING_IN_BUTTON}</arg>
<status status="PASS" start="2024-06-01T16:50:08.400875" elapsed="0.019144"/>
</kw>
<kw name="Click Element" owner="SeleniumLibrary">
<msg time="2024-06-01T16:50:08.420226" level="INFO">Clicking element 'xpath=//*[@id="signin-view"]/div/div[1]/div/div[2]/form/button'.</msg>
<arg>xpath=${SING_IN_BUTTON}</arg>
<doc>Click the element identified by ``locator``.</doc>
<status status="PASS" start="2024-06-01T16:50:08.420087" elapsed="0.018949"/>
</kw>
<kw name="Wait Until Location Is" owner="SeleniumLibrary">
<arg>${ADMIN_UI_URL}</arg>
<doc>Waits until the current URL is ``expected``.</doc>
<status status="PASS" start="2024-06-01T16:50:08.439157" elapsed="1.466571"/>
</kw>
<status status="PASS" start="2024-06-01T16:50:08.017798" elapsed="1.888008"/>
</kw>
<arg>Set Screenshot Directory</arg>
<arg>./screenshots</arg>
<arg>AND</arg>
<arg>Open Keystone Website By Chrome</arg>
<arg>AND</arg>
<arg>Sign In As Administrator</arg>
<doc>Executes all the given keywords in a sequence.</doc>
<status status="PASS" start="2024-06-01T16:50:06.448863" elapsed="3.456980"/>
</kw>
<kw name="Create A Post" owner="utility">
<kw name="Go To" owner="SeleniumLibrary">
<msg time="2024-06-01T16:50:09.906359" level="INFO">Opening url 'http://127.0.0.1:3000/keystone/'</msg>
<arg>${ADMIN_UI_URL}</arg>
<doc>Navigates the current browser window to the provided ``url``.</doc>
<status status="PASS" start="2024-06-01T16:50:09.906258" elapsed="0.099724"/>
</kw>
<kw name="Wait Until Location Is" owner="SeleniumLibrary">
<arg>${ADMIN_UI_URL}</arg>
<doc>Waits until the current URL is ``expected``.</doc>
<status status="PASS" start="2024-06-01T16:50:10.006123" elapsed="0.002299"/>
</kw>
<kw name="Wait For Element" owner="utility">
<kw name="Wait Until Page Contains Element" owner="SeleniumLibrary">
<arg>${element}</arg>
<doc>Waits until the element ``locator`` appears on the current page.</doc>
<status status="PASS" start="2024-06-01T16:50:10.009110" elapsed="0.005702"/>
</kw>
<kw name="Wait Until Element Is Visible" owner="SeleniumLibrary">
<arg>${element}</arg>
<doc>Waits until the element ``locator`` is visible.</doc>
<status status="PASS" start="2024-06-01T16:50:10.014922" elapsed="0.005713"/>
</kw>
<kw name="Wait Until Element Is Enabled" owner="SeleniumLibrary">
<arg>${element}</arg>
<doc>Waits until the element ``locator`` is enabled.</doc>
<status status="PASS" start="2024-06-01T16:50:10.020723" elapsed="0.007272"/>
</kw>
<arg>xpath=${CREATE_POST_BUTTON}</arg>
<status status="PASS" start="2024-06-01T16:50:10.008678" elapsed="0.019373"/>
</kw>
<kw name="Click Element" owner="SeleniumLibrary">
<msg time="2024-06-01T16:50:10.028243" level="INFO">Clicking element 'xpath=//*[@id="react-root"]/div/main/div/div[2]/div/div[1]/div[2]/div[1]/span/a[2]'.</msg>
<arg>xpath=${CREATE_POST_BUTTON}</arg>
<doc>Click the element identified by ``locator``.</doc>
<status status="PASS" start="2024-06-01T16:50:10.028121" elapsed="0.038103"/>
</kw>
<kw name="Wait Until Element Contains" owner="SeleniumLibrary">
<arg>xpath=//h4</arg>
<arg>Create a new Post</arg>
<doc>Waits until the element ``locator`` contains ``text``.</doc>
<status status="PASS" start="2024-06-01T16:50:10.066445" elapsed="0.224562"/>
</kw>
<kw name="Wait For Element" owner="utility">
<kw name="Wait Until Page Contains Element" owner="SeleniumLibrary">
<arg>${element}</arg>
<doc>Waits until the element ``locator`` appears on the current page.</doc>
<status status="PASS" start="2024-06-01T16:50:10.291300" elapsed="0.004570"/>
</kw>
<kw name="Wait Until Element Is Visible" owner="SeleniumLibrary">
<arg>${element}</arg>
<doc>Waits until the element ``locator`` is visible.</doc>
<status status="PASS" start="2024-06-01T16:50:10.295942" elapsed="0.005682"/>
</kw>
<kw name="Wait Until Element Is Enabled" owner="SeleniumLibrary">
<arg>${element}</arg>
<doc>Waits until the element ``locator`` is enabled.</doc>
<status status="PASS" start="2024-06-01T16:50:10.301705" elapsed="0.007259"/>
</kw>
<arg>xpath=${CREATE_POST_TEXT_BOX}</arg>
<status status="PASS" start="2024-06-01T16:50:10.291136" elapsed="0.017874"/>
</kw>
<kw name="Wait For Element" owner="utility">
<kw name="Wait Until Page Contains Element" owner="SeleniumLibrary">
<arg>${element}</arg>
<doc>Waits until the element ``locator`` appears on the current page.</doc>
<status status="PASS" start="2024-06-01T16:50:10.309278" elapsed="0.004449"/>
</kw>
<kw name="Wait Until Element Is Visible" owner="SeleniumLibrary">
<arg>${element}</arg>
<doc>Waits until the element ``locator`` is visible.</doc>
<status status="PASS" start="2024-06-01T16:50:10.313791" elapsed="0.005198"/>
</kw>
<kw name="Wait Until Element Is Enabled" owner="SeleniumLibrary">
<arg>${element}</arg>
<doc>Waits until the element ``locator`` is enabled.</doc>
<status status="PASS" start="2024-06-01T16:50:10.319066" elapsed="0.007176"/>
</kw>
<arg>xpath=${CREATE_BUTTON}</arg>
<status status="PASS" start="2024-06-01T16:50:10.309145" elapsed="0.017153"/>
</kw>
<kw name="Input Text" owner="SeleniumLibrary">
<msg time="2024-06-01T16:50:10.326474" level="INFO">Typing text 'TestPostTitle1' into text field 'xpath=//h4/../../../div[2]/div/div/input'.</msg>
<arg>xpath=${CREATE_POST_TEXT_BOX}</arg>
<arg>${title}</arg>
<doc>Types the given ``text`` into the text field identified by ``locator``.</doc>
<status status="PASS" start="2024-06-01T16:50:10.326358" elapsed="0.026966"/>
</kw>
<kw name="Click Element" owner="SeleniumLibrary">
<msg time="2024-06-01T16:50:10.353582" level="INFO">Clicking element 'xpath=//h4/../../../div[3]/button[1]'.</msg>
<arg>xpath=${CREATE_BUTTON}</arg>
<doc>Click the element identified by ``locator``.</doc>
<status status="PASS" start="2024-06-01T16:50:10.353444" elapsed="0.017300"/>
</kw>
<kw name="Wait For Element" owner="utility">
<kw name="Wait Until Page Contains Element" owner="SeleniumLibrary">
<arg>${element}</arg>
<doc>Waits until the element ``locator`` appears on the current page.</doc>
<status status="PASS" start="2024-06-01T16:50:10.371064" elapsed="0.213826"/>
</kw>
<kw name="Wait Until Element Is Visible" owner="SeleniumLibrary">
<arg>${element}</arg>
<doc>Waits until the element ``locator`` is visible.</doc>
<status status="PASS" start="2024-06-01T16:50:10.585479" elapsed="0.009407"/>
</kw>
<kw name="Wait Until Element Is Enabled" owner="SeleniumLibrary">
<arg>${element}</arg>
<doc>Waits until the element ``locator`` is enabled.</doc>
<status status="PASS" start="2024-06-01T16:50:10.595102" elapsed="0.011960"/>
</kw>
<arg>xpath=${POST_TEXT_BOX}</arg>
<status status="PASS" start="2024-06-01T16:50:10.370884" elapsed="0.236541"/>
</kw>
<kw name="Textfield Value Should Be" owner="SeleniumLibrary">
<msg time="2024-06-01T16:50:10.620042" level="INFO">Content of text field 'xpath=/html/body/div[1]/div/main/div/div/div[1]/form/div[1]/div[1]/div/div[1]/div/div/input' is 'TestPostTitle1'.</msg>
<arg>xpath=${POST_TEXT_BOX}</arg>
<arg>${title}</arg>
<doc>Verifies text field ``locator`` has exactly text ``expected``.</doc>
<status status="PASS" start="2024-06-01T16:50:10.607753" elapsed="0.012338"/>
</kw>
<arg>TestPostTitle1</arg>
<status status="PASS" start="2024-06-01T16:50:09.906059" elapsed="0.714084"/>
</kw>
<kw name="Create A Post" owner="utility">
<kw name="Go To" owner="SeleniumLibrary">
<msg time="2024-06-01T16:50:10.620569" level="INFO">Opening url 'http://127.0.0.1:3000/keystone/'</msg>
<arg>${ADMIN_UI_URL}</arg>
<doc>Navigates the current browser window to the provided ``url``.</doc>
<status status="PASS" start="2024-06-01T16:50:10.620473" elapsed="0.082088"/>
</kw>
<kw name="Wait Until Location Is" owner="SeleniumLibrary">
<arg>${ADMIN_UI_URL}</arg>
<doc>Waits until the current URL is ``expected``.</doc>
<status status="PASS" start="2024-06-01T16:50:10.702986" elapsed="0.002666"/>
</kw>
<kw name="Wait For Element" owner="utility">
<kw name="Wait Until Page Contains Element" owner="SeleniumLibrary">
<arg>${element}</arg>
<doc>Waits until the element ``locator`` appears on the current page.</doc>
<status status="PASS" start="2024-06-01T16:50:10.705952" elapsed="0.003931"/>
</kw>
<kw name="Wait Until Element Is Visible" owner="SeleniumLibrary">
<arg>${element}</arg>
<doc>Waits until the element ``locator`` is visible.</doc>
<status status="PASS" start="2024-06-01T16:50:10.709982" elapsed="0.005593"/>
</kw>
<kw name="Wait Until Element Is Enabled" owner="SeleniumLibrary">
<arg>${element}</arg>
<doc>Waits until the element ``locator`` is enabled.</doc>
<status status="PASS" start="2024-06-01T16:50:10.715657" elapsed="0.007408"/>
</kw>
<arg>xpath=${CREATE_POST_BUTTON}</arg>
<status status="PASS" start="2024-06-01T16:50:10.705777" elapsed="0.017345"/>
</kw>
<kw name="Click Element" owner="SeleniumLibrary">
<msg time="2024-06-01T16:50:10.723312" level="INFO">Clicking element 'xpath=//*[@id="react-root"]/div/main/div/div[2]/div/div[1]/div[2]/div[1]/span/a[2]'.</msg>
<arg>xpath=${CREATE_POST_BUTTON}</arg>
<doc>Click the element identified by ``locator``.</doc>
<status status="PASS" start="2024-06-01T16:50:10.723195" elapsed="0.025601"/>
</kw>
<kw name="Wait Until Element Contains" owner="SeleniumLibrary">
<arg>xpath=//h4</arg>
<arg>Create a new Post</arg>
<doc>Waits until the element ``locator`` contains ``text``.</doc>
<status status="PASS" start="2024-06-01T16:50:10.748943" elapsed="0.219107"/>
</kw>
<kw name="Wait For Element" owner="utility">
<kw name="Wait Until Page Contains Element" owner="SeleniumLibrary">
<arg>${element}</arg>
<doc>Waits until the element ``locator`` appears on the current page.</doc>
<status status="PASS" start="2024-06-01T16:50:10.968326" elapsed="0.003040"/>
</kw>
<kw name="Wait Until Element Is Visible" owner="SeleniumLibrary">
<arg>${element}</arg>
<doc>Waits until the element ``locator`` is visible.</doc>
<status status="PASS" start="2024-06-01T16:50:10.971440" elapsed="0.005439"/>
</kw>
<kw name="Wait Until Element Is Enabled" owner="SeleniumLibrary">
<arg>${element}</arg>
<doc>Waits until the element ``locator`` is enabled.</doc>
<status status="PASS" start="2024-06-01T16:50:10.976947" elapsed="0.007242"/>
</kw>
<arg>xpath=${CREATE_POST_TEXT_BOX}</arg>
<status status="PASS" start="2024-06-01T16:50:10.968169" elapsed="0.016062"/>
</kw>
<kw name="Wait For Element" owner="utility">
<kw name="Wait Until Page Contains Element" owner="SeleniumLibrary">
<arg>${element}</arg>
<doc>Waits until the element ``locator`` appears on the current page.</doc>
<status status="PASS" start="2024-06-01T16:50:10.984437" elapsed="0.002739"/>
</kw>
<kw name="Wait Until Element Is Visible" owner="SeleniumLibrary">
<arg>${element}</arg>
<doc>Waits until the element ``locator`` is visible.</doc>
<status status="PASS" start="2024-06-01T16:50:10.987228" elapsed="0.005353"/>
</kw>
<kw name="Wait Until Element Is Enabled" owner="SeleniumLibrary">
<arg>${element}</arg>
<doc>Waits until the element ``locator`` is enabled.</doc>
<status status="PASS" start="2024-06-01T16:50:10.992640" elapsed="0.007224"/>
</kw>
<arg>xpath=${CREATE_BUTTON}</arg>
<status status="PASS" start="2024-06-01T16:50:10.984301" elapsed="0.015613"/>
</kw>
<kw name="Input Text" owner="SeleniumLibrary">
<msg time="2024-06-01T16:50:11.000093" level="INFO">Typing text 'TestPostTitle2' into text field 'xpath=//h4/../../../div[2]/div/div/input'.</msg>
<arg>xpath=${CREATE_POST_TEXT_BOX}</arg>
<arg>${title}</arg>
<doc>Types the given ``text`` into the text field identified by ``locator``.</doc>
<status status="PASS" start="2024-06-01T16:50:10.999976" elapsed="0.026276"/>
</kw>
<kw name="Click Element" owner="SeleniumLibrary">
<msg time="2024-06-01T16:50:11.026508" level="INFO">Clicking element 'xpath=//h4/../../../div[3]/button[1]'.</msg>
<arg>xpath=${CREATE_BUTTON}</arg>
<doc>Click the element identified by ``locator``.</doc>
<status status="PASS" start="2024-06-01T16:50:11.026365" elapsed="0.015088"/>
</kw>
<kw name="Wait For Element" owner="utility">
<kw name="Wait Until Page Contains Element" owner="SeleniumLibrary">
<arg>${element}</arg>
<doc>Waits until the element ``locator`` appears on the current page.</doc>
<status status="PASS" start="2024-06-01T16:50:11.041852" elapsed="0.212321"/>
</kw>
<kw name="Wait Until Element Is Visible" owner="SeleniumLibrary">
<arg>${element}</arg>
<doc>Waits until the element ``locator`` is visible.</doc>
<status status="PASS" start="2024-06-01T16:50:11.254280" elapsed="0.007153"/>
</kw>
<kw name="Wait Until Element Is Enabled" owner="SeleniumLibrary">
<arg>${element}</arg>
<doc>Waits until the element ``locator`` is enabled.</doc>
<status status="PASS" start="2024-06-01T16:50:11.261586" elapsed="0.008968"/>
</kw>
<arg>xpath=${POST_TEXT_BOX}</arg>
<status status="PASS" start="2024-06-01T16:50:11.041665" elapsed="0.228953"/>
</kw>
<kw name="Textfield Value Should Be" owner="SeleniumLibrary">
<msg time="2024-06-01T16:50:11.283792" level="INFO">Content of text field 'xpath=/html/body/div[1]/div/main/div/div/div[1]/form/div[1]/div[1]/div/div[1]/div/div/input' is 'TestPostTitle2'.</msg>
<arg>xpath=${POST_TEXT_BOX}</arg>
<arg>${title}</arg>
<doc>Verifies text field ``locator`` has exactly text ``expected``.</doc>
<status status="PASS" start="2024-06-01T16:50:11.270697" elapsed="0.013231"/>
</kw>
<arg>TestPostTitle2</arg>
<status status="PASS" start="2024-06-01T16:50:10.620288" elapsed="0.663766"/>
</kw>
<kw name="Create A Post" owner="utility">
<kw name="Go To" owner="SeleniumLibrary">
<msg time="2024-06-01T16:50:11.285662" level="INFO">Opening url 'http://127.0.0.1:3000/keystone/'</msg>
<arg>${ADMIN_UI_URL}</arg>
<doc>Navigates the current browser window to the provided ``url``.</doc>
<status status="PASS" start="2024-06-01T16:50:11.285451" elapsed="0.087151"/>
</kw>
<kw name="Wait Until Location Is" owner="SeleniumLibrary">
<arg>${ADMIN_UI_URL}</arg>
<doc>Waits until the current URL is ``expected``.</doc>
<status status="PASS" start="2024-06-01T16:50:11.372853" elapsed="0.003278"/>
</kw>
<kw name="Wait For Element" owner="utility">
<kw name="Wait Until Page Contains Element" owner="SeleniumLibrary">
<arg>${element}</arg>
<doc>Waits until the element ``locator`` appears on the current page.</doc>
<status status="PASS" start="2024-06-01T16:50:11.376754" elapsed="0.007878"/>
</kw>
<kw name="Wait Until Element Is Visible" owner="SeleniumLibrary">
<arg>${element}</arg>
<doc>Waits until the element ``locator`` is visible.</doc>
<status status="PASS" start="2024-06-01T16:50:11.384769" elapsed="0.007811"/>
</kw>
<kw name="Wait Until Element Is Enabled" owner="SeleniumLibrary">
<arg>${element}</arg>
<doc>Waits until the element ``locator`` is enabled.</doc>
<status status="PASS" start="2024-06-01T16:50:11.392688" elapsed="0.007235"/>
</kw>
<arg>xpath=${CREATE_POST_BUTTON}</arg>
<status status="PASS" start="2024-06-01T16:50:11.376474" elapsed="0.023511"/>
</kw>
<kw name="Click Element" owner="SeleniumLibrary">
<msg time="2024-06-01T16:50:11.400201" level="INFO">Clicking element 'xpath=//*[@id="react-root"]/div/main/div/div[2]/div/div[1]/div[2]/div[1]/span/a[2]'.</msg>
<arg>xpath=${CREATE_POST_BUTTON}</arg>
<doc>Click the element identified by ``locator``.</doc>
<status status="PASS" start="2024-06-01T16:50:11.400066" elapsed="0.021451"/>
</kw>
<kw name="Wait Until Element Contains" owner="SeleniumLibrary">
<arg>xpath=//h4</arg>
<arg>Create a new Post</arg>
<doc>Waits until the element ``locator`` contains ``text``.</doc>
<status status="PASS" start="2024-06-01T16:50:11.421694" elapsed="0.216983"/>
</kw>
<kw name="Wait For Element" owner="utility">
<kw name="Wait Until Page Contains Element" owner="SeleniumLibrary">
<arg>${element}</arg>
<doc>Waits until the element ``locator`` appears on the current page.</doc>
<status status="PASS" start="2024-06-01T16:50:11.638949" elapsed="0.002967"/>
</kw>
<kw name="Wait Until Element Is Visible" owner="SeleniumLibrary">
<arg>${element}</arg>
<doc>Waits until the element ``locator`` is visible.</doc>
<status status="PASS" start="2024-06-01T16:50:11.641989" elapsed="0.005241"/>
</kw>
<kw name="Wait Until Element Is Enabled" owner="SeleniumLibrary">
<arg>${element}</arg>
<doc>Waits until the element ``locator`` is enabled.</doc>
<status status="PASS" start="2024-06-01T16:50:11.647301" elapsed="0.006912"/>
</kw>
<arg>xpath=${CREATE_POST_TEXT_BOX}</arg>
<status status="PASS" start="2024-06-01T16:50:11.638795" elapsed="0.015461"/>
</kw>
<kw name="Wait For Element" owner="utility">
<kw name="Wait Until Page Contains Element" owner="SeleniumLibrary">
<arg>${element}</arg>
<doc>Waits until the element ``locator`` appears on the current page.</doc>
<status status="PASS" start="2024-06-01T16:50:11.654459" elapsed="0.002764"/>
</kw>
<kw name="Wait Until Element Is Visible" owner="SeleniumLibrary">
<arg>${element}</arg>
<doc>Waits until the element ``locator`` is visible.</doc>
<status status="PASS" start="2024-06-01T16:50:11.657277" elapsed="0.005464"/>
</kw>
<kw name="Wait Until Element Is Enabled" owner="SeleniumLibrary">
<arg>${element}</arg>
<doc>Waits until the element ``locator`` is enabled.</doc>
<status status="PASS" start="2024-06-01T16:50:11.662811" elapsed="0.007035"/>
</kw>
<arg>xpath=${CREATE_BUTTON}</arg>
<status status="PASS" start="2024-06-01T16:50:11.654329" elapsed="0.015560"/>
</kw>
<kw name="Input Text" owner="SeleniumLibrary">
<msg time="2024-06-01T16:50:11.670044" level="INFO">Typing text 'TestPostTitle3' into text field 'xpath=//h4/../../../div[2]/div/div/input'.</msg>
<arg>xpath=${CREATE_POST_TEXT_BOX}</arg>
<arg>${title}</arg>
<doc>Types the given ``text`` into the text field identified by ``locator``.</doc>
<status status="PASS" start="2024-06-01T16:50:11.669941" elapsed="0.028003"/>
</kw>
<kw name="Click Element" owner="SeleniumLibrary">
<msg time="2024-06-01T16:50:11.698283" level="INFO">Clicking element 'xpath=//h4/../../../div[3]/button[1]'.</msg>
<arg>xpath=${CREATE_BUTTON}</arg>
<doc>Click the element identified by ``locator``.</doc>
<status status="PASS" start="2024-06-01T16:50:11.698089" elapsed="0.014891"/>
</kw>
<kw name="Wait For Element" owner="utility">
<kw name="Wait Until Page Contains Element" owner="SeleniumLibrary">
<arg>${element}</arg>
<doc>Waits until the element ``locator`` appears on the current page.</doc>
<status status="PASS" start="2024-06-01T16:50:11.713298" elapsed="0.212329"/>
</kw>
<kw name="Wait Until Element Is Visible" owner="SeleniumLibrary">
<arg>${element}</arg>
<doc>Waits until the element ``locator`` is visible.</doc>
<status status="PASS" start="2024-06-01T16:50:11.925734" elapsed="0.007075"/>
</kw>
<kw name="Wait Until Element Is Enabled" owner="SeleniumLibrary">
<arg>${element}</arg>
<doc>Waits until the element ``locator`` is enabled.</doc>
<status status="PASS" start="2024-06-01T16:50:11.932918" elapsed="0.008550"/>
</kw>
<arg>xpath=${POST_TEXT_BOX}</arg>
<status status="PASS" start="2024-06-01T16:50:11.713119" elapsed="0.228412"/>
</kw>
<kw name="Textfield Value Should Be" owner="SeleniumLibrary">
<msg time="2024-06-01T16:50:11.954316" level="INFO">Content of text field 'xpath=/html/body/div[1]/div/main/div/div/div[1]/form/div[1]/div[1]/div/div[1]/div/div/input' is 'TestPostTitle3'.</msg>
<arg>xpath=${POST_TEXT_BOX}</arg>
<arg>${title}</arg>
<doc>Verifies text field ``locator`` has exactly text ``expected``.</doc>
<status status="PASS" start="2024-06-01T16:50:11.941608" elapsed="0.012770"/>
</kw>
<arg>TestPostTitle3</arg>
<status status="PASS" start="2024-06-01T16:50:11.284476" elapsed="0.669987"/>
</kw>
<kw name="Go To" owner="SeleniumLibrary">
<msg time="2024-06-01T16:50:11.954886" level="INFO">Opening url 'http://127.0.0.1:3000/keystone/posts'</msg>
<arg>${POST_URL}</arg>
<doc>Navigates the current browser window to the provided ``url``.</doc>
<status status="PASS" start="2024-06-01T16:50:11.954586" elapsed="0.079851"/>
</kw>
<kw name="Wait Until Location Is" owner="SeleniumLibrary">
<arg>${POST_URL}</arg>
<doc>Waits until the current URL is ``expected``.</doc>
<status status="PASS" start="2024-06-01T16:50:12.034615" elapsed="0.003011"/>
</kw>
<kw name="Wait Until Element Contains" owner="SeleniumLibrary">
<arg>xpath=${MANAGE_BUTTON}</arg>
<arg>Manage</arg>
<doc>Waits until the element ``locator`` contains ``text``.</doc>
<status status="PASS" start="2024-06-01T16:50:12.037896" elapsed="0.219451"/>
</kw>
<kw name="Wait For Element" owner="utility">
<kw name="Wait Until Page Contains Element" owner="SeleniumLibrary">
<arg>${element}</arg>
<doc>Waits until the element ``locator`` appears on the current page.</doc>
<status status="PASS" start="2024-06-01T16:50:12.257652" elapsed="0.004708"/>
</kw>
<kw name="Wait Until Element Is Visible" owner="SeleniumLibrary">
<arg>${element}</arg>
<doc>Waits until the element ``locator`` is visible.</doc>
<status status="PASS" start="2024-06-01T16:50:12.262429" elapsed="0.005566"/>
</kw>
<kw name="Wait Until Element Is Enabled" owner="SeleniumLibrary">
<arg>${element}</arg>
<doc>Waits until the element ``locator`` is enabled.</doc>
<status status="PASS" start="2024-06-01T16:50:12.268060" elapsed="0.007326"/>
</kw>
<arg>xpath=//h2</arg>
<status status="PASS" start="2024-06-01T16:50:12.257512" elapsed="0.017924"/>
</kw>
<kw name="Element Text Should Be" owner="SeleniumLibrary">
<msg time="2024-06-01T16:50:12.275610" level="INFO">Verifying element 'xpath=//h2' contains exact text '3 Posts sorted by name'.</msg>
<arg>xpath=//h2</arg>
<arg>3 Posts sorted by name</arg>
<doc>Verifies that element ``locator`` contains exact the text ``expected``.</doc>
<status status="PASS" start="2024-06-01T16:50:12.275520" elapsed="0.006696"/>
</kw>
<kw name="Element Text Should Be" owner="SeleniumLibrary">
<msg time="2024-06-01T16:50:12.282435" level="INFO">Verifying element 'xpath=//*[@id="react-root"]/div/main/div/div/div[3]/div/div/table/tbody/tr[1]/td[2]/a' contains exact text 'TestPostTitle1'.</msg>
<arg>xpath=//*[@id="react-root"]/div/main/div/div/div[3]/div/div/table/tbody/tr[1]/td[2]/a</arg>
<arg>TestPostTitle1</arg>
<doc>Verifies that element ``locator`` contains exact the text ``expected``.</doc>
<status status="PASS" start="2024-06-01T16:50:12.282342" elapsed="0.007787"/>
</kw>
<kw name="Element Text Should Be" owner="SeleniumLibrary">
<msg time="2024-06-01T16:50:12.290324" level="INFO">Verifying element 'xpath=//*[@id="react-root"]/div/main/div/div/div[3]/div/div/table/tbody/tr[2]/td[2]/a' contains exact text 'TestPostTitle2'.</msg>
<arg>xpath=//*[@id="react-root"]/div/main/div/div/div[3]/div/div/table/tbody/tr[2]/td[2]/a</arg>
<arg>TestPostTitle2</arg>
<doc>Verifies that element ``locator`` contains exact the text ``expected``.</doc>
<status status="PASS" start="2024-06-01T16:50:12.290235" elapsed="0.007844"/>
</kw>
<kw name="Element Text Should Be" owner="SeleniumLibrary">
<msg time="2024-06-01T16:50:12.298313" level="INFO">Verifying element 'xpath=//*[@id="react-root"]/div/main/div/div/div[3]/div/div/table/tbody/tr[3]/td[2]/a' contains exact text 'TestPostTitle3'.</msg>
<arg>xpath=//*[@id="react-root"]/div/main/div/div/div[3]/div/div/table/tbody/tr[3]/td[2]/a</arg>
<arg>TestPostTitle3</arg>
<doc>Verifies that element ``locator`` contains exact the text ``expected``.</doc>
<status status="PASS" start="2024-06-01T16:50:12.298210" elapsed="0.007560"/>
</kw>
<kw name="Run Keywords" owner="BuiltIn" type="TEARDOWN">
<kw name="Delete All Posts" owner="utility">
<kw name="Go To" owner="SeleniumLibrary">
<msg time="2024-06-01T16:50:12.306220" level="INFO">Opening url 'http://127.0.0.1:3000/keystone/posts'</msg>
<arg>${POST_URL}</arg>
<doc>Navigates the current browser window to the provided ``url``.</doc>
<status status="PASS" start="2024-06-01T16:50:12.306168" elapsed="0.074426"/>
</kw>
<kw name="Wait Until Location Is" owner="SeleniumLibrary">
<arg>${POST_URL}</arg>
<doc>Waits until the current URL is ``expected``.</doc>
<status status="PASS" start="2024-06-01T16:50:12.380728" elapsed="0.002151"/>
</kw>
<kw name="Wait Until Element Contains" owner="SeleniumLibrary">
<arg>xpath=${MANAGE_BUTTON}</arg>
<arg>Manage</arg>
<doc>Waits until the element ``locator`` contains ``text``.</doc>
<status status="PASS" start="2024-06-01T16:50:12.383089" elapsed="0.218435"/>
</kw>
<kw name="Click Element" owner="SeleniumLibrary">
<msg time="2024-06-01T16:50:12.601745" level="INFO">Clicking element 'xpath=//*[@id="react-root"]/div/main/div/div/div[2]/div/div[1]/div/div/button'.</msg>
<arg>xpath=${MANAGE_BUTTON}</arg>
<doc>Click the element identified by ``locator``.</doc>
<status status="PASS" start="2024-06-01T16:50:12.601622" elapsed="0.022492"/>
</kw>
<kw name="Wait Until Element Contains" owner="SeleniumLibrary">
<arg>xpath=${ALL_BUTTON}</arg>
<arg>All</arg>
<doc>Waits until the element ``locator`` contains ``text``.</doc>
<status status="PASS" start="2024-06-01T16:50:12.624227" elapsed="0.008918"/>
</kw>
<kw name="Click Element" owner="SeleniumLibrary">
<msg time="2024-06-01T16:50:12.633404" level="INFO">Clicking element 'xpath=//*[@id="react-root"]/div/main/div/div/div[2]/div/div/div/div[2]/div/button[1]'.</msg>
<arg>xpath=${ALL_BUTTON}</arg>
<doc>Click the element identified by ``locator``.</doc>
<status status="PASS" start="2024-06-01T16:50:12.633269" elapsed="0.019866"/>
</kw>
<kw name="Wait For Element" owner="utility">
<kw name="Wait Until Page Contains Element" owner="SeleniumLibrary">
<arg>${element}</arg>
<doc>Waits until the element ``locator`` appears on the current page.</doc>
<status status="PASS" start="2024-06-01T16:50:12.653497" elapsed="0.005166"/>
</kw>
<kw name="Wait Until Element Is Visible" owner="SeleniumLibrary">
<arg>${element}</arg>
<doc>Waits until the element ``locator`` is visible.</doc>
<status status="PASS" start="2024-06-01T16:50:12.658783" elapsed="0.005958"/>
</kw>
<kw name="Wait Until Element Is Enabled" owner="SeleniumLibrary">
<arg>${element}</arg>
<doc>Waits until the element ``locator`` is enabled.</doc>
<status status="PASS" start="2024-06-01T16:50:12.664848" elapsed="0.007498"/>
</kw>
<arg>xpath=${DELETE_BUTTON}</arg>
<status status="PASS" start="2024-06-01T16:50:12.653287" elapsed="0.019120"/>
</kw>
<kw name="Click Element" owner="SeleniumLibrary">
<msg time="2024-06-01T16:50:12.672597" level="INFO">Clicking element 'xpath=//*[@id="react-root"]/div/main/div/div/div[2]/div/div/div/div[3]/button'.</msg>
<arg>xpath=${DELETE_BUTTON}</arg>
<doc>Click the element identified by ``locator``.</doc>
<status status="PASS" start="2024-06-01T16:50:12.672479" elapsed="0.023044"/>
</kw>
<kw name="Wait For Element" owner="utility">
<kw name="Wait Until Page Contains Element" owner="SeleniumLibrary">
<arg>${element}</arg>
<doc>Waits until the element ``locator`` appears on the current page.</doc>
<status status="PASS" start="2024-06-01T16:50:12.695861" elapsed="0.005961"/>
</kw>
<kw name="Wait Until Element Is Visible" owner="SeleniumLibrary">
<arg>${element}</arg>
<doc>Waits until the element ``locator`` is visible.</doc>
<status status="PASS" start="2024-06-01T16:50:12.701927" elapsed="0.006451"/>
</kw>
<kw name="Wait Until Element Is Enabled" owner="SeleniumLibrary">
<arg>${element}</arg>
<doc>Waits until the element ``locator`` is enabled.</doc>
<status status="PASS" start="2024-06-01T16:50:12.708477" elapsed="0.008269"/>
</kw>
<arg>xpath=${CONFIRM_DELETE_WIDGET}</arg>
<status status="PASS" start="2024-06-01T16:50:12.695662" elapsed="0.021141"/>
</kw>
<kw name="Wait For Element" owner="utility">
<kw name="Wait Until Page Contains Element" owner="SeleniumLibrary">
<arg>${element}</arg>
<doc>Waits until the element ``locator`` appears on the current page.</doc>
<status status="PASS" start="2024-06-01T16:50:12.717060" elapsed="0.005255"/>
</kw>
<kw name="Wait Until Element Is Visible" owner="SeleniumLibrary">
<arg>${element}</arg>
<doc>Waits until the element ``locator`` is visible.</doc>
<status status="PASS" start="2024-06-01T16:50:12.722407" elapsed="0.005805"/>
</kw>
<kw name="Wait Until Element Is Enabled" owner="SeleniumLibrary">
<arg>${element}</arg>
<doc>Waits until the element ``locator`` is enabled.</doc>
<status status="PASS" start="2024-06-01T16:50:12.728306" elapsed="0.007663"/>
</kw>
<arg>xpath=${CONFIRM_DELETE_BUTTON}</arg>
<status status="PASS" start="2024-06-01T16:50:12.716891" elapsed="0.019135"/>
</kw>
<kw name="Click Element" owner="SeleniumLibrary">
<msg time="2024-06-01T16:50:12.736215" level="INFO">Clicking element 'xpath=/html/body/div[8]/div/div/div/div/div[2]/button[1]'.</msg>
<arg>xpath=${CONFIRM_DELETE_BUTTON}</arg>
<doc>Click the element identified by ``locator``.</doc>
<status status="PASS" start="2024-06-01T16:50:12.736096" elapsed="0.020134"/>
</kw>
<status status="PASS" start="2024-06-01T16:50:12.306066" elapsed="0.450282"/>
</kw>
<kw name="Close Browser" owner="SeleniumLibrary">
<doc>Closes the current browser.</doc>
<status status="PASS" start="2024-06-01T16:50:12.756440" elapsed="0.089296"/>
</kw>
<arg>Delete All Posts</arg>
<arg>AND</arg>
<arg>Close Browser</arg>
<doc>Executes all the given keywords in a sequence.</doc>
<status status="PASS" start="2024-06-01T16:50:12.305945" elapsed="0.539858"/>
</kw>
<status status="PASS" start="2024-06-01T16:50:06.448535" elapsed="6.397334"/>
</test>
<test id="s1-s1-t3" name="Delete A Post" line="40">
<kw name="Run Keywords" owner="BuiltIn" type="SETUP">
<kw name="Set Screenshot Directory" owner="SeleniumLibrary">
<arg>./screenshots</arg>
<doc>Sets the directory for captured screenshots.</doc>
<status status="PASS" start="2024-06-01T16:50:12.846457" elapsed="0.000163"/>
</kw>
<kw name="Open Keystone Website By Chrome" owner="utility">
<kw name="Open Browser" owner="SeleniumLibrary">
<msg time="2024-06-01T16:50:12.846927" level="INFO">Opening browser 'Chrome' to base url 'http://127.0.0.1:3000/'.</msg>
<arg>${KEYSTONE_URL}</arg>
<arg>Chrome</arg>
<doc>Opens a new browser instance to the optional ``url``.</doc>
<status status="PASS" start="2024-06-01T16:50:12.846850" elapsed="1.285205"/>
</kw>
<kw name="Location Should Be" owner="SeleniumLibrary">
<msg time="2024-06-01T16:50:14.135944" level="INFO">Current location is 'http://127.0.0.1:3000/'.</msg>
<arg>${KEYSTONE_URL}</arg>
<doc>Verifies that the current URL is exactly ``url``.</doc>
<status status="PASS" start="2024-06-01T16:50:14.132810" elapsed="0.003175"/>
</kw>
<kw name="Maximize Browser Window" owner="SeleniumLibrary">
<doc>Maximizes current browser window.</doc>
<status status="PASS" start="2024-06-01T16:50:14.136071" elapsed="0.367818"/>
</kw>
<kw name="Set Selenium Speed" owner="SeleniumLibrary">
<arg>${DELAY}</arg>
<doc>Sets the delay that is waited after each Selenium command.</doc>
<status status="PASS" start="2024-06-01T16:50:14.504009" elapsed="0.000144"/>
</kw>
<status status="PASS" start="2024-06-01T16:50:12.846720" elapsed="1.657488"/>
</kw>
<kw name="Sign In As Administrator" owner="utility">
<kw name="Wait For Element" owner="utility">
<kw name="Wait Until Page Contains Element" owner="SeleniumLibrary">
<arg>${element}</arg>
<doc>Waits until the element ``locator`` appears on the current page.</doc>
<status status="PASS" start="2024-06-01T16:50:14.504593" elapsed="0.005824"/>
</kw>
<kw name="Wait Until Element Is Visible" owner="SeleniumLibrary">
<arg>${element}</arg>
<doc>Waits until the element ``locator`` is visible.</doc>
<status status="PASS" start="2024-06-01T16:50:14.510500" elapsed="0.006939"/>
</kw>
<kw name="Wait Until Element Is Enabled" owner="SeleniumLibrary">
<arg>${element}</arg>
<doc>Waits until the element ``locator`` is enabled.</doc>
<status status="PASS" start="2024-06-01T16:50:14.517519" elapsed="0.021649"/>
</kw>
<arg>xpath=${SIGN_IN_LINK}</arg>
<status status="PASS" start="2024-06-01T16:50:14.504475" elapsed="0.034757"/>
</kw>
<kw name="Click Element" owner="SeleniumLibrary">
<msg time="2024-06-01T16:50:14.539456" level="INFO">Clicking element 'xpath=//*[@id="navbar-collapse"]/ul[2]/li[2]/a'.</msg>
<arg>xpath=${SIGN_IN_LINK}</arg>
<doc>Click the element identified by ``locator``.</doc>
<status status="PASS" start="2024-06-01T16:50:14.539317" elapsed="0.199489"/>
</kw>
<kw name="Wait For Element" owner="utility">
<kw name="Wait Until Page Contains Element" owner="SeleniumLibrary">
<arg>${element}</arg>
<doc>Waits until the element ``locator`` appears on the current page.</doc>
<status status="PASS" start="2024-06-01T16:50:14.739613" elapsed="0.009836"/>
</kw>
<kw name="Wait Until Element Is Visible" owner="SeleniumLibrary">
<arg>${element}</arg>
<doc>Waits until the element ``locator`` is visible.</doc>
<status status="PASS" start="2024-06-01T16:50:14.749564" elapsed="0.007944"/>
</kw>
<kw name="Wait Until Element Is Enabled" owner="SeleniumLibrary">
<arg>${element}</arg>
<doc>Waits until the element ``locator`` is enabled.</doc>
<status status="PASS" start="2024-06-01T16:50:14.757622" elapsed="0.008912"/>
</kw>
<arg>xpath=${EMAIL_TEXT_BOX}</arg>
<status status="PASS" start="2024-06-01T16:50:14.739121" elapsed="0.027478"/>
</kw>
<kw name="Wait For Element" owner="utility">
<kw name="Wait Until Page Contains Element" owner="SeleniumLibrary">
<arg>${element}</arg>
<doc>Waits until the element ``locator`` appears on the current page.</doc>
<status status="PASS" start="2024-06-01T16:50:14.766909" elapsed="0.006476"/>
</kw>
<kw name="Wait Until Element Is Visible" owner="SeleniumLibrary">
<arg>${element}</arg>
<doc>Waits until the element ``locator`` is visible.</doc>
<status status="PASS" start="2024-06-01T16:50:14.773618" elapsed="0.008765"/>
</kw>
<kw name="Wait Until Element Is Enabled" owner="SeleniumLibrary">
<arg>${element}</arg>
<doc>Waits until the element ``locator`` is enabled.</doc>
<status status="PASS" start="2024-06-01T16:50:14.782523" elapsed="0.008861"/>
</kw>
<arg>xpath=${PASSWORD_TEXT_BOX}</arg>
<status status="PASS" start="2024-06-01T16:50:14.766702" elapsed="0.024747"/>
</kw>
<kw name="Input Text" owner="SeleniumLibrary">
<msg time="2024-06-01T16:50:14.791725" level="INFO">Typing text 'demo@keystonejs.com' into text field 'xpath=//input[@name='email']'.</msg>
<arg>xpath=${EMAIL_TEXT_BOX}</arg>
<arg>demo@keystonejs.com</arg>
<doc>Types the given ``text`` into the text field identified by ``locator``.</doc>
<status status="PASS" start="2024-06-01T16:50:14.791525" elapsed="0.086946"/>
</kw>
<kw name="Input Text" owner="SeleniumLibrary">
<msg time="2024-06-01T16:50:14.878727" level="INFO">Typing text 'demo' into text field 'xpath=//input[@name='password']'.</msg>
<arg>xpath=${PASSWORD_TEXT_BOX}</arg>
<arg>demo</arg>
<doc>Types the given ``text`` into the text field identified by ``locator``.</doc>
<status status="PASS" start="2024-06-01T16:50:14.878584" elapsed="0.031063"/>
</kw>
<kw name="Wait For Element" owner="utility">
<kw name="Wait Until Page Contains Element" owner="SeleniumLibrary">
<arg>${element}</arg>
<doc>Waits until the element ``locator`` appears on the current page.</doc>
<status status="PASS" start="2024-06-01T16:50:14.909954" elapsed="0.005061"/>
</kw>
<kw name="Wait Until Element Is Visible" owner="SeleniumLibrary">
<arg>${element}</arg>
<doc>Waits until the element ``locator`` is visible.</doc>
<status status="PASS" start="2024-06-01T16:50:14.915108" elapsed="0.005990"/>
</kw>
<kw name="Wait Until Element Is Enabled" owner="SeleniumLibrary">
<arg>${element}</arg>
<doc>Waits until the element ``locator`` is enabled.</doc>
<status status="PASS" start="2024-06-01T16:50:14.921192" elapsed="0.008216"/>
</kw>
<arg>xpath=${SING_IN_BUTTON}</arg>
<status status="PASS" start="2024-06-01T16:50:14.909779" elapsed="0.019723"/>
</kw>
<kw name="Click Element" owner="SeleniumLibrary">
<msg time="2024-06-01T16:50:14.929856" level="INFO">Clicking element 'xpath=//*[@id="signin-view"]/div/div[1]/div/div[2]/form/button'.</msg>
<arg>xpath=${SING_IN_BUTTON}</arg>
<doc>Click the element identified by ``locator``.</doc>
<status status="PASS" start="2024-06-01T16:50:14.929597" elapsed="0.019189"/>
</kw>
<kw name="Wait Until Location Is" owner="SeleniumLibrary">
<arg>${ADMIN_UI_URL}</arg>
<doc>Waits until the current URL is ``expected``.</doc>
<status status="PASS" start="2024-06-01T16:50:14.948894" elapsed="1.375919"/>
</kw>
<status status="PASS" start="2024-06-01T16:50:14.504338" elapsed="1.820560"/>
</kw>
<arg>Set Screenshot Directory</arg>
<arg>./screenshots</arg>
<arg>AND</arg>
<arg>Open Keystone Website By Chrome</arg>
<arg>AND</arg>
<arg>Sign In As Administrator</arg>
<doc>Executes all the given keywords in a sequence.</doc>
<status status="PASS" start="2024-06-01T16:50:12.846314" elapsed="3.478777"/>
</kw>
<kw name="Create A Post" owner="utility">
<kw name="Go To" owner="SeleniumLibrary">
<msg time="2024-06-01T16:50:16.326224" level="INFO">Opening url 'http://127.0.0.1:3000/keystone/'</msg>
<arg>${ADMIN_UI_URL}</arg>
<doc>Navigates the current browser window to the provided ``url``.</doc>
<status status="PASS" start="2024-06-01T16:50:16.326041" elapsed="0.089187"/>
</kw>
<kw name="Wait Until Location Is" owner="SeleniumLibrary">
<arg>${ADMIN_UI_URL}</arg>
<doc>Waits until the current URL is ``expected``.</doc>
<status status="PASS" start="2024-06-01T16:50:16.415761" elapsed="0.002362"/>
</kw>
<kw name="Wait For Element" owner="utility">
<kw name="Wait Until Page Contains Element" owner="SeleniumLibrary">
<arg>${element}</arg>
<doc>Waits until the element ``locator`` appears on the current page.</doc>
<status status="PASS" start="2024-06-01T16:50:16.419066" elapsed="0.005836"/>
</kw>
<kw name="Wait Until Element Is Visible" owner="SeleniumLibrary">
<arg>${element}</arg>
<doc>Waits until the element ``locator`` is visible.</doc>
<status status="PASS" start="2024-06-01T16:50:16.425017" elapsed="0.006527"/>
</kw>
<kw name="Wait Until Element Is Enabled" owner="SeleniumLibrary">
<arg>${element}</arg>
<doc>Waits until the element ``locator`` is enabled.</doc>
<status status="PASS" start="2024-06-01T16:50:16.431642" elapsed="0.006864"/>
</kw>
<arg>xpath=${CREATE_POST_BUTTON}</arg>
<status status="PASS" start="2024-06-01T16:50:16.418434" elapsed="0.020130"/>
</kw>
<kw name="Click Element" owner="SeleniumLibrary">
<msg time="2024-06-01T16:50:16.438750" level="INFO">Clicking element 'xpath=//*[@id="react-root"]/div/main/div/div[2]/div/div[1]/div[2]/div[1]/span/a[2]'.</msg>
<arg>xpath=${CREATE_POST_BUTTON}</arg>
<doc>Click the element identified by ``locator``.</doc>
<status status="PASS" start="2024-06-01T16:50:16.438632" elapsed="0.039165"/>
</kw>
<kw name="Wait Until Element Contains" owner="SeleniumLibrary">
<arg>xpath=//h4</arg>
<arg>Create a new Post</arg>
<doc>Waits until the element ``locator`` contains ``text``.</doc>
<status status="PASS" start="2024-06-01T16:50:16.477922" elapsed="0.021097"/>
</kw>
<kw name="Wait For Element" owner="utility">
<kw name="Wait Until Page Contains Element" owner="SeleniumLibrary">
<arg>${element}</arg>
<doc>Waits until the element ``locator`` appears on the current page.</doc>
<status status="PASS" start="2024-06-01T16:50:16.499476" elapsed="0.004996"/>
</kw>
<kw name="Wait Until Element Is Visible" owner="SeleniumLibrary">
<arg>${element}</arg>
<doc>Waits until the element ``locator`` is visible.</doc>
<status status="PASS" start="2024-06-01T16:50:16.504564" elapsed="0.006110"/>
</kw>
<kw name="Wait Until Element Is Enabled" owner="SeleniumLibrary">
<arg>${element}</arg>
<doc>Waits until the element ``locator`` is enabled.</doc>
<status status="PASS" start="2024-06-01T16:50:16.510772" elapsed="0.007892"/>
</kw>
<arg>xpath=${CREATE_POST_TEXT_BOX}</arg>
<status status="PASS" start="2024-06-01T16:50:16.499179" elapsed="0.019586"/>
</kw>
<kw name="Wait For Element" owner="utility">
<kw name="Wait Until Page Contains Element" owner="SeleniumLibrary">
<arg>${element}</arg>
<doc>Waits until the element ``locator`` appears on the current page.</doc>
<status status="PASS" start="2024-06-01T16:50:16.519092" elapsed="0.005350"/>
</kw>
<kw name="Wait Until Element Is Visible" owner="SeleniumLibrary">
<arg>${element}</arg>
<doc>Waits until the element ``locator`` is visible.</doc>
<status status="PASS" start="2024-06-01T16:50:16.524542" elapsed="0.006227"/>
</kw>
<kw name="Wait Until Element Is Enabled" owner="SeleniumLibrary">
<arg>${element}</arg>
<doc>Waits until the element ``locator`` is enabled.</doc>
<status status="PASS" start="2024-06-01T16:50:16.530863" elapsed="0.008104"/>
</kw>
<arg>xpath=${CREATE_BUTTON}</arg>
<status status="PASS" start="2024-06-01T16:50:16.518874" elapsed="0.020151"/>
</kw>
<kw name="Input Text" owner="SeleniumLibrary">
<msg time="2024-06-01T16:50:16.539252" level="INFO">Typing text 'TestPostTitle' into text field 'xpath=//h4/../../../div[2]/div/div/input'.</msg>
<arg>xpath=${CREATE_POST_TEXT_BOX}</arg>
<arg>${title}</arg>
<doc>Types the given ``text`` into the text field identified by ``locator``.</doc>
<status status="PASS" start="2024-06-01T16:50:16.539094" elapsed="0.028437"/>
</kw>
<kw name="Click Element" owner="SeleniumLibrary">
<msg time="2024-06-01T16:50:16.567834" level="INFO">Clicking element 'xpath=//h4/../../../div[3]/button[1]'.</msg>
<arg>xpath=${CREATE_BUTTON}</arg>
<doc>Click the element identified by ``locator``.</doc>
<status status="PASS" start="2024-06-01T16:50:16.567676" elapsed="0.018110"/>
</kw>
<kw name="Wait For Element" owner="utility">
<kw name="Wait Until Page Contains Element" owner="SeleniumLibrary">
<arg>${element}</arg>
<doc>Waits until the element ``locator`` appears on the current page.</doc>
<status status="PASS" start="2024-06-01T16:50:16.586314" elapsed="0.214568"/>
</kw>
<kw name="Wait Until Element Is Visible" owner="SeleniumLibrary">
<arg>${element}</arg>
<doc>Waits until the element ``locator`` is visible.</doc>
<status status="PASS" start="2024-06-01T16:50:16.800995" elapsed="0.011671"/>
</kw>
<kw name="Wait Until Element Is Enabled" owner="SeleniumLibrary">
<arg>${element}</arg>
<doc>Waits until the element ``locator`` is enabled.</doc>
<status status="PASS" start="2024-06-01T16:50:16.812881" elapsed="0.013415"/>
</kw>
<arg>xpath=${POST_TEXT_BOX}</arg>
<status status="PASS" start="2024-06-01T16:50:16.585989" elapsed="0.240437"/>
</kw>
<kw name="Textfield Value Should Be" owner="SeleniumLibrary">
<msg time="2024-06-01T16:50:16.843072" level="INFO">Content of text field 'xpath=/html/body/div[1]/div/main/div/div/div[1]/form/div[1]/div[1]/div/div[1]/div/div/input' is 'TestPostTitle'.</msg>
<arg>xpath=${POST_TEXT_BOX}</arg>
<arg>${title}</arg>
<doc>Verifies text field ``locator`` has exactly text ``expected``.</doc>
<status status="PASS" start="2024-06-01T16:50:16.826535" elapsed="0.016603"/>
</kw>
<arg>TestPostTitle</arg>
<status status="PASS" start="2024-06-01T16:50:16.325566" elapsed="0.517652"/>
</kw>
<kw name="Go To" owner="SeleniumLibrary">
<msg time="2024-06-01T16:50:16.843712" level="INFO">Opening url 'http://127.0.0.1:3000/keystone/posts'</msg>
<arg>${POST_URL}</arg>
<doc>Navigates the current browser window to the provided ``url``.</doc>
<status status="PASS" start="2024-06-01T16:50:16.843417" elapsed="0.076751"/>
</kw>
<kw name="Wait Until Location Is" owner="SeleniumLibrary">
<arg>${POST_URL}</arg>
<doc>Waits until the current URL is ``expected``.</doc>
<status status="PASS" start="2024-06-01T16:50:16.920519" elapsed="0.002173"/>
</kw>
<kw name="Wait Until Element Contains" owner="SeleniumLibrary">
<arg>xpath=${MANAGE_BUTTON}</arg>
<arg>Manage</arg>
<doc>Waits until the element ``locator`` contains ``text``.</doc>
<status status="PASS" start="2024-06-01T16:50:16.922807" elapsed="0.220260"/>
</kw>
<kw name="Wait For Element" owner="utility">
<kw name="Wait Until Page Contains Element" owner="SeleniumLibrary">
<arg>${element}</arg>
<doc>Waits until the element ``locator`` appears on the current page.</doc>
<status status="PASS" start="2024-06-01T16:50:17.143404" elapsed="0.004723"/>
</kw>
<kw name="Wait Until Element Is Visible" owner="SeleniumLibrary">
<arg>${element}</arg>
<doc>Waits until the element ``locator`` is visible.</doc>
<status status="PASS" start="2024-06-01T16:50:17.148213" elapsed="0.005742"/>
</kw>
<kw name="Wait Until Element Is Enabled" owner="SeleniumLibrary">
<arg>${element}</arg>
<doc>Waits until the element ``locator`` is enabled.</doc>
<status status="PASS" start="2024-06-01T16:50:17.154028" elapsed="0.007468"/>
</kw>
<arg>xpath=${DELETE_ICON}</arg>
<status status="PASS" start="2024-06-01T16:50:17.143238" elapsed="0.018310"/>
</kw>
<kw name="Click Element" owner="SeleniumLibrary">
<msg time="2024-06-01T16:50:17.161742" level="INFO">Clicking element 'xpath=//*[@id="react-root"]/div/main/div/div/div[3]/div/div/table/tbody/tr/td[1]/button'.</msg>
<arg>xpath=${DELETE_ICON}</arg>
<doc>Click the element identified by ``locator``.</doc>
<status status="PASS" start="2024-06-01T16:50:17.161638" elapsed="0.023135"/>
</kw>
<kw name="Wait For Element" owner="utility">
<kw name="Wait Until Page Contains Element" owner="SeleniumLibrary">
<arg>${element}</arg>
<doc>Waits until the element ``locator`` appears on the current page.</doc>
<status status="PASS" start="2024-06-01T16:50:17.185195" elapsed="0.005316"/>
</kw>
<kw name="Wait Until Element Is Visible" owner="SeleniumLibrary">
<arg>${element}</arg>
<doc>Waits until the element ``locator`` is visible.</doc>
<status status="PASS" start="2024-06-01T16:50:17.190708" elapsed="0.006306"/>
</kw>
<kw name="Wait Until Element Is Enabled" owner="SeleniumLibrary">
<arg>${element}</arg>
<doc>Waits until the element ``locator`` is enabled.</doc>
<status status="PASS" start="2024-06-01T16:50:17.197105" elapsed="0.007771"/>
</kw>
<arg>xpath=${CONFIRM_DELETE_WIDGET}</arg>
<status status="PASS" start="2024-06-01T16:50:17.184988" elapsed="0.019946"/>
</kw>
<kw name="Wait For Element" owner="utility">
<kw name="Wait Until Page Contains Element" owner="SeleniumLibrary">
<arg>${element}</arg>
<doc>Waits until the element ``locator`` appears on the current page.</doc>
<status status="PASS" start="2024-06-01T16:50:17.205268" elapsed="0.005099"/>
</kw>
<kw name="Wait Until Element Is Visible" owner="SeleniumLibrary">
<arg>${element}</arg>
<doc>Waits until the element ``locator`` is visible.</doc>
<status status="PASS" start="2024-06-01T16:50:17.210453" elapsed="0.005898"/>
</kw>
<kw name="Wait Until Element Is Enabled" owner="SeleniumLibrary">
<arg>${element}</arg>
<doc>Waits until the element ``locator`` is enabled.</doc>
<status status="PASS" start="2024-06-01T16:50:17.216446" elapsed="0.008047"/>
</kw>
<arg>xpath=${CONFIRM_DELETE_BUTTON}</arg>
<status status="PASS" start="2024-06-01T16:50:17.205090" elapsed="0.019459"/>
</kw>
<kw name="Click Element" owner="SeleniumLibrary">
<msg time="2024-06-01T16:50:17.224795" level="INFO">Clicking element 'xpath=/html/body/div[8]/div/div/div/div/div[2]/button[1]'.</msg>
<arg>xpath=${CONFIRM_DELETE_BUTTON}</arg>
<doc>Click the element identified by ``locator``.</doc>
<status status="PASS" start="2024-06-01T16:50:17.224664" elapsed="0.017861"/>
</kw>
<kw name="Wait Until Element Is Not Visible" owner="SeleniumLibrary">
<arg>xpath=${CONFIRM_DELETE_WIDGET}</arg>
<doc>Waits until the element ``locator`` is not visible.</doc>
<status status="PASS" start="2024-06-01T16:50:17.242683" elapsed="0.212626"/>
</kw>
<kw name="Wait Until Element Is Not Visible" owner="SeleniumLibrary">
<arg>xpath=${MANAGE_BUTTON}</arg>
<doc>Waits until the element ``locator`` is not visible.</doc>
<status status="PASS" start="2024-06-01T16:50:17.455460" elapsed="0.003247"/>
</kw>
<kw name="Element Text Should Be" owner="SeleniumLibrary">
<msg time="2024-06-01T16:50:17.458911" level="INFO">Verifying element 'xpath=//h2' contains exact text 'No posts found...'.</msg>
<arg>xpath=//h2</arg>
<arg>No posts found...</arg>
<doc>Verifies that element ``locator`` contains exact the text ``expected``.</doc>
<status status="PASS" start="2024-06-01T16:50:17.458818" elapsed="0.007891"/>
</kw>
<kw name="Run Keywords" owner="BuiltIn" type="TEARDOWN">
<kw name="Close Browser" owner="SeleniumLibrary">
<doc>Closes the current browser.</doc>
<status status="PASS" start="2024-06-01T16:50:17.466980" elapsed="0.083249"/>
</kw>
<arg>Close Browser</arg>
<doc>Executes all the given keywords in a sequence.</doc>
<status status="PASS" start="2024-06-01T16:50:17.466890" elapsed="0.083439"/>
</kw>
<status status="PASS" start="2024-06-01T16:50:12.846120" elapsed="4.704274"/>
</test>
<test id="s1-s1-t4" name="Delete All Posts" line="57">
<kw name="Run Keywords" owner="BuiltIn" type="SETUP">
<kw name="Set Screenshot Directory" owner="SeleniumLibrary">
<arg>./screenshots</arg>
<doc>Sets the directory for captured screenshots.</doc>
<status status="PASS" start="2024-06-01T16:50:17.551160" elapsed="0.000163"/>
</kw>
<kw name="Open Keystone Website By Chrome" owner="utility">
<kw name="Open Browser" owner="SeleniumLibrary">
<msg time="2024-06-01T16:50:17.551639" level="INFO">Opening browser 'Chrome' to base url 'http://127.0.0.1:3000/'.</msg>
<arg>${KEYSTONE_URL}</arg>
<arg>Chrome</arg>
<doc>Opens a new browser instance to the optional ``url``.</doc>
<status status="PASS" start="2024-06-01T16:50:17.551557" elapsed="1.205937"/>
</kw>
<kw name="Location Should Be" owner="SeleniumLibrary">
<msg time="2024-06-01T16:50:18.762582" level="INFO">Current location is 'http://127.0.0.1:3000/'.</msg>
<arg>${KEYSTONE_URL}</arg>
<doc>Verifies that the current URL is exactly ``url``.</doc>
<status status="PASS" start="2024-06-01T16:50:18.758260" elapsed="0.004374"/>
</kw>
<kw name="Maximize Browser Window" owner="SeleniumLibrary">
<doc>Maximizes current browser window.</doc>
<status status="PASS" start="2024-06-01T16:50:18.762749" elapsed="0.370360"/>
</kw>
<kw name="Set Selenium Speed" owner="SeleniumLibrary">
<arg>${DELAY}</arg>
<doc>Sets the delay that is waited after each Selenium command.</doc>
<status status="PASS" start="2024-06-01T16:50:19.133244" elapsed="0.000158"/>
</kw>
<status status="PASS" start="2024-06-01T16:50:17.551427" elapsed="1.582034"/>
</kw>
<kw name="Sign In As Administrator" owner="utility">
<kw name="Wait For Element" owner="utility">
<kw name="Wait Until Page Contains Element" owner="SeleniumLibrary">
<arg>${element}</arg>
<doc>Waits until the element ``locator`` appears on the current page.</doc>
<status status="PASS" start="2024-06-01T16:50:19.133884" elapsed="0.006694"/>
</kw>
<kw name="Wait Until Element Is Visible" owner="SeleniumLibrary">
<arg>${element}</arg>
<doc>Waits until the element ``locator`` is visible.</doc>
<status status="PASS" start="2024-06-01T16:50:19.140702" elapsed="0.007201"/>
</kw>
<kw name="Wait Until Element Is Enabled" owner="SeleniumLibrary">
<arg>${element}</arg>
<doc>Waits until the element ``locator`` is enabled.</doc>
<status status="PASS" start="2024-06-01T16:50:19.147988" elapsed="0.021239"/>
</kw>
<arg>xpath=${SIGN_IN_LINK}</arg>
<status status="PASS" start="2024-06-01T16:50:19.133761" elapsed="0.035529"/>
</kw>
<kw name="Click Element" owner="SeleniumLibrary">
<msg time="2024-06-01T16:50:19.169506" level="INFO">Clicking element 'xpath=//*[@id="navbar-collapse"]/ul[2]/li[2]/a'.</msg>
<arg>xpath=${SIGN_IN_LINK}</arg>
<doc>Click the element identified by ``locator``.</doc>
<status status="PASS" start="2024-06-01T16:50:19.169374" elapsed="0.201036"/>
</kw>
<kw name="Wait For Element" owner="utility">
<kw name="Wait Until Page Contains Element" owner="SeleniumLibrary">
<arg>${element}</arg>
<doc>Waits until the element ``locator`` appears on the current page.</doc>
<status status="PASS" start="2024-06-01T16:50:19.370757" elapsed="0.007934"/>
</kw>
[...]
</kw>
<kw name="Wait Until Element Is Enabled" owner="SeleniumLibrary">
<arg>${element}</arg>
<doc>Waits until the element ``locator`` is enabled.</doc>
<status status="PASS" start="2024-06-01T16:51:45.961543" elapsed="0.006428"/>
</kw>
<arg>xpath=${MESSAGE_TEXT_BOX}</arg>
<status status="PASS" start="2024-06-01T16:51:45.952242" elapsed="0.015777"/>
</kw>
<kw name="Wait For Element" owner="utility">
<kw name="Wait Until Page Contains Element" owner="SeleniumLibrary">
<arg>${element}</arg>
<doc>Waits until the element ``locator`` appears on the current page.</doc>
<status status="PASS" start="2024-06-01T16:51:45.968242" elapsed="0.002528"/>
</kw>
<kw name="Wait Until Element Is Visible" owner="SeleniumLibrary">
<arg>${element}</arg>
<doc>Waits until the element ``locator`` is visible.</doc>
<status status="PASS" start="2024-06-01T16:51:45.970838" elapsed="0.004687"/>
</kw>
<kw name="Wait Until Element Is Enabled" owner="SeleniumLibrary">
<arg>${element}</arg>
<doc>Waits until the element ``locator`` is enabled.</doc>
<status status="PASS" start="2024-06-01T16:51:45.975588" elapsed="0.006360"/>
</kw>
<arg>xpath=${SUBMIT_BUTTON}</arg>
<status status="PASS" start="2024-06-01T16:51:45.968098" elapsed="0.013918"/>
</kw>
<kw name="Input Text" owner="SeleniumLibrary">
<msg time="2024-06-01T16:51:45.982259" level="INFO">Typing text 'TestEnquirieName2' into text field 'xpath=/html/body/div/div[2]/div[1]/form/div[1]/div/input'.</msg>
<arg>xpath=${NAME_TEXT_BOX}</arg>
<arg>${name}</arg>
<doc>Types the given ``text`` into the text field identified by ``locator``.</doc>
<status status="PASS" start="2024-06-01T16:51:45.982106" elapsed="0.037201"/>
</kw>
<kw name="Input Text" owner="SeleniumLibrary">
<msg time="2024-06-01T16:51:46.019697" level="INFO">Typing text 'test@email.com' into text field 'xpath=//input[@name='email']'.</msg>
<arg>xpath=${EMAIL_TEXT_BOX}</arg>
<arg>${email}</arg>
<doc>Types the given ``text`` into the text field identified by ``locator``.</doc>
<status status="PASS" start="2024-06-01T16:51:46.019519" elapsed="0.046405"/>
</kw>
<kw name="Select From List By Label" owner="SeleniumLibrary">
<msg time="2024-06-01T16:51:46.066609" level="INFO">Selecting options from selection list 'xpath=/html/body/div/div[2]/div[1]/form/div[4]/div/select' by label Just leaving a message.</msg>
<arg>xpath=${REGARDING_SELECTOR}</arg>
<arg>${regarding}</arg>
<doc>Selects options from selection list ``locator`` by ``labels``.</doc>
<status status="PASS" start="2024-06-01T16:51:46.066388" elapsed="0.029664"/>
</kw>
<kw name="Input Text" owner="SeleniumLibrary">
<msg time="2024-06-01T16:51:46.096319" level="INFO">Typing text 'TestEnquirieMessage' into text field 'xpath=/html/body/div/div[2]/div[1]/form/div[5]/div/textarea'.</msg>
<arg>xpath=${MESSAGE_TEXT_BOX}</arg>
<arg>${message}</arg>
<doc>Types the given ``text`` into the text field identified by ``locator``.</doc>
<status status="PASS" start="2024-06-01T16:51:46.096168" elapsed="0.029846"/>
</kw>
<kw name="Click Element" owner="SeleniumLibrary">
<msg time="2024-06-01T16:51:46.126258" level="INFO">Clicking element 'xpath=/html/body/div/div[2]/div[1]/form/div[6]/div/button'.</msg>
<arg>xpath=${SUBMIT_BUTTON}</arg>
<doc>Click the element identified by ``locator``.</doc>
<status status="PASS" start="2024-06-01T16:51:46.126126" elapsed="0.385493"/>
</kw>
<kw name="Wait Until Element Contains" owner="SeleniumLibrary">
<arg>xpath=//h1</arg>
<arg>Success!</arg>
<doc>Waits until the element ``locator`` contains ``text``.</doc>
<status status="PASS" start="2024-06-01T16:51:46.512125" elapsed="0.015606"/>
</kw>
<arg>TestEnquirieName2</arg>
<arg>test@email.com</arg>
<arg>Just leaving a message</arg>
<arg>TestEnquirieMessage</arg>
<status status="PASS" start="2024-06-01T16:51:45.435420" elapsed="1.092376"/>
</kw>
<kw name="Create An Enquiry" owner="utility">
<kw name="Go To" owner="SeleniumLibrary">
<msg time="2024-06-01T16:51:46.528272" level="INFO">Opening url 'http://127.0.0.1:3000/contact'</msg>
<arg>${CONTACT_URL}</arg>
<doc>Navigates the current browser window to the provided ``url``.</doc>
<status status="PASS" start="2024-06-01T16:51:46.528190" elapsed="0.293180"/>
</kw>
<kw name="Wait Until Location Is" owner="SeleniumLibrary">
<arg>${CONTACT_URL}</arg>
<doc>Waits until the current URL is ``expected``.</doc>
<status status="PASS" start="2024-06-01T16:51:46.821487" elapsed="0.002265"/>
</kw>
<kw name="Wait Until Element Contains" owner="SeleniumLibrary">
<arg>xpath=//h1</arg>
<arg>Contact</arg>
<doc>Waits until the element ``locator`` contains ``text``.</doc>
<status status="PASS" start="2024-06-01T16:51:46.823853" elapsed="0.014766"/>
</kw>
<kw name="Wait For Element" owner="utility">
<kw name="Wait Until Page Contains Element" owner="SeleniumLibrary">
<arg>${element}</arg>
<doc>Waits until the element ``locator`` appears on the current page.</doc>
<status status="PASS" start="2024-06-01T16:51:46.838991" elapsed="0.003321"/>
</kw>
<kw name="Wait Until Element Is Visible" owner="SeleniumLibrary">
<arg>${element}</arg>
<doc>Waits until the element ``locator`` is visible.</doc>
<status status="PASS" start="2024-06-01T16:51:46.842407" elapsed="0.006635"/>
</kw>
<kw name="Wait Until Element Is Enabled" owner="SeleniumLibrary">
<arg>${element}</arg>
<doc>Waits until the element ``locator`` is enabled.</doc>
<status status="PASS" start="2024-06-01T16:51:46.849143" elapsed="0.008255"/>
</kw>
<arg>xpath=${NAME_TEXT_BOX}</arg>
<status status="PASS" start="2024-06-01T16:51:46.838784" elapsed="0.018672"/>
</kw>
<kw name="Wait For Element" owner="utility">
<kw name="Wait Until Page Contains Element" owner="SeleniumLibrary">
<arg>${element}</arg>
<doc>Waits until the element ``locator`` appears on the current page.</doc>
<status status="PASS" start="2024-06-01T16:51:46.857699" elapsed="0.003051"/>
</kw>
<kw name="Wait Until Element Is Visible" owner="SeleniumLibrary">
<arg>${element}</arg>
<doc>Waits until the element ``locator`` is visible.</doc>
<status status="PASS" start="2024-06-01T16:51:46.860821" elapsed="0.005598"/>
</kw>
<kw name="Wait Until Element Is Enabled" owner="SeleniumLibrary">
<arg>${element}</arg>
<doc>Waits until the element ``locator`` is enabled.</doc>
<status status="PASS" start="2024-06-01T16:51:46.866525" elapsed="0.007781"/>
</kw>
<arg>xpath=${EMAIL_TEXT_BOX}</arg>
<status status="PASS" start="2024-06-01T16:51:46.857545" elapsed="0.016819"/>
</kw>
<kw name="Wait For Element" owner="utility">
<kw name="Wait Until Page Contains Element" owner="SeleniumLibrary">
<arg>${element}</arg>
<doc>Waits until the element ``locator`` appears on the current page.</doc>
<status status="PASS" start="2024-06-01T16:51:46.874616" elapsed="0.002972"/>
</kw>
<kw name="Wait Until Element Is Visible" owner="SeleniumLibrary">
<arg>${element}</arg>
<doc>Waits until the element ``locator`` is visible.</doc>
<status status="PASS" start="2024-06-01T16:51:46.877710" elapsed="0.005388"/>
</kw>
<kw name="Wait Until Element Is Enabled" owner="SeleniumLibrary">
<arg>${element}</arg>
<doc>Waits until the element ``locator`` is enabled.</doc>
<status status="PASS" start="2024-06-01T16:51:46.883210" elapsed="0.007414"/>
</kw>
<arg>xpath=${REGARDING_SELECTOR}</arg>
<status status="PASS" start="2024-06-01T16:51:46.874456" elapsed="0.016228"/>
</kw>
<kw name="Wait For Element" owner="utility">
<kw name="Wait Until Page Contains Element" owner="SeleniumLibrary">
<arg>${element}</arg>
<doc>Waits until the element ``locator`` appears on the current page.</doc>
<status status="PASS" start="2024-06-01T16:51:46.890931" elapsed="0.002873"/>
</kw>
<kw name="Wait Until Element Is Visible" owner="SeleniumLibrary">
<arg>${element}</arg>
<doc>Waits until the element ``locator`` is visible.</doc>
<status status="PASS" start="2024-06-01T16:51:46.893876" elapsed="0.005423"/>
</kw>
<kw name="Wait Until Element Is Enabled" owner="SeleniumLibrary">
<arg>${element}</arg>
<doc>Waits until the element ``locator`` is enabled.</doc>
<status status="PASS" start="2024-06-01T16:51:46.899376" elapsed="0.007551"/>
</kw>
<arg>xpath=${MESSAGE_TEXT_BOX}</arg>
<status status="PASS" start="2024-06-01T16:51:46.890776" elapsed="0.016210"/>
</kw>
<kw name="Wait For Element" owner="utility">
<kw name="Wait Until Page Contains Element" owner="SeleniumLibrary">
<arg>${element}</arg>
<doc>Waits until the element ``locator`` appears on the current page.</doc>
<status status="PASS" start="2024-06-01T16:51:46.907237" elapsed="0.003040"/>
</kw>
<kw name="Wait Until Element Is Visible" owner="SeleniumLibrary">
<arg>${element}</arg>
<doc>Waits until the element ``locator`` is visible.</doc>
<status status="PASS" start="2024-06-01T16:51:46.910360" elapsed="0.005432"/>
</kw>
<kw name="Wait Until Element Is Enabled" owner="SeleniumLibrary">
<arg>${element}</arg>
<doc>Waits until the element ``locator`` is enabled.</doc>
<status status="PASS" start="2024-06-01T16:51:46.915864" elapsed="0.006938"/>
</kw>
<arg>xpath=${SUBMIT_BUTTON}</arg>
<status status="PASS" start="2024-06-01T16:51:46.907078" elapsed="0.015789"/>
</kw>
<kw name="Input Text" owner="SeleniumLibrary">
<msg time="2024-06-01T16:51:46.923090" level="INFO">Typing text 'TestEnquirieName3' into text field 'xpath=/html/body/div/div[2]/div[1]/form/div[1]/div/input'.</msg>
<arg>xpath=${NAME_TEXT_BOX}</arg>
<arg>${name}</arg>
<doc>Types the given ``text`` into the text field identified by ``locator``.</doc>
<status status="PASS" start="2024-06-01T16:51:46.922949" elapsed="0.036450"/>
</kw>
<kw name="Input Text" owner="SeleniumLibrary">
<msg time="2024-06-01T16:51:46.959855" level="INFO">Typing text 'test@email.com' into text field 'xpath=//input[@name='email']'.</msg>
<arg>xpath=${EMAIL_TEXT_BOX}</arg>
<arg>${email}</arg>
<doc>Types the given ``text`` into the text field identified by ``locator``.</doc>
<status status="PASS" start="2024-06-01T16:51:46.959536" elapsed="0.065881"/>
</kw>
<kw name="Select From List By Label" owner="SeleniumLibrary">
<msg time="2024-06-01T16:51:47.025979" level="INFO">Selecting options from selection list 'xpath=/html/body/div/div[2]/div[1]/form/div[4]/div/select' by label Just leaving a message.</msg>
<arg>xpath=${REGARDING_SELECTOR}</arg>
<arg>${regarding}</arg>
<doc>Selects options from selection list ``locator`` by ``labels``.</doc>
<status status="PASS" start="2024-06-01T16:51:47.025763" elapsed="0.032824"/>
</kw>
<kw name="Input Text" owner="SeleniumLibrary">
<msg time="2024-06-01T16:51:47.058868" level="INFO">Typing text 'TestEnquirieMessage' into text field 'xpath=/html/body/div/div[2]/div[1]/form/div[5]/div/textarea'.</msg>
<arg>xpath=${MESSAGE_TEXT_BOX}</arg>
<arg>${message}</arg>
<doc>Types the given ``text`` into the text field identified by ``locator``.</doc>
<status status="PASS" start="2024-06-01T16:51:47.058697" elapsed="0.033841"/>
</kw>
<kw name="Click Element" owner="SeleniumLibrary">
<msg time="2024-06-01T16:51:47.092801" level="INFO">Clicking element 'xpath=/html/body/div/div[2]/div[1]/form/div[6]/div/button'.</msg>
<arg>xpath=${SUBMIT_BUTTON}</arg>
<doc>Click the element identified by ``locator``.</doc>
<status status="PASS" start="2024-06-01T16:51:47.092659" elapsed="0.315600"/>
</kw>
<kw name="Wait Until Element Contains" owner="SeleniumLibrary">
<arg>xpath=//h1</arg>
<arg>Success!</arg>
<doc>Waits until the element ``locator`` contains ``text``.</doc>
<status status="PASS" start="2024-06-01T16:51:47.408388" elapsed="0.019160"/>
</kw>
<arg>TestEnquirieName3</arg>
<arg>test@email.com</arg>
<arg>Just leaving a message</arg>
<arg>TestEnquirieMessage</arg>
<status status="PASS" start="2024-06-01T16:51:46.527955" elapsed="0.899674"/>
</kw>
<kw name="Delete All Enquiries" owner="utility">
<kw name="Go To" owner="SeleniumLibrary">
<msg time="2024-06-01T16:51:47.428216" level="INFO">Opening url 'http://127.0.0.1:3000/keystone/enquiries'</msg>
<arg>${ENQUIRY_URL}</arg>
<doc>Navigates the current browser window to the provided ``url``.</doc>
<status status="PASS" start="2024-06-01T16:51:47.428141" elapsed="0.089257"/>
</kw>
<kw name="Wait Until Location Is" owner="SeleniumLibrary">
<arg>${ENQUIRY_URL}</arg>
<doc>Waits until the current URL is ``expected``.</doc>
<status status="PASS" start="2024-06-01T16:51:47.517516" elapsed="0.002133"/>
</kw>
<kw name="Wait Until Element Contains" owner="SeleniumLibrary">
<arg>xpath=${MANAGE_BUTTON}</arg>
<arg>Manage</arg>
<doc>Waits until the element ``locator`` contains ``text``.</doc>
<status status="PASS" start="2024-06-01T16:51:47.519808" elapsed="0.020572"/>
</kw>
<kw name="Click Element" owner="SeleniumLibrary">
<msg time="2024-06-01T16:51:47.540631" level="INFO">Clicking element 'xpath=//*[@id="react-root"]/div/main/div/div/div[2]/div/div[1]/div/div/button'.</msg>
<arg>xpath=${MANAGE_BUTTON}</arg>
<doc>Click the element identified by ``locator``.</doc>
<status status="PASS" start="2024-06-01T16:51:47.540493" elapsed="0.023809"/>
</kw>
<kw name="Wait Until Element Contains" owner="SeleniumLibrary">
<arg>xpath=${ALL_BUTTON}</arg>
<arg>All</arg>
<doc>Waits until the element ``locator`` contains ``text``.</doc>
<status status="PASS" start="2024-06-01T16:51:47.564541" elapsed="0.010618"/>
</kw>
<kw name="Click Element" owner="SeleniumLibrary">
<msg time="2024-06-01T16:51:47.575429" level="INFO">Clicking element 'xpath=//*[@id="react-root"]/div/main/div/div/div[2]/div/div/div/div[2]/div/button[1]'.</msg>
<arg>xpath=${ALL_BUTTON}</arg>
<doc>Click the element identified by ``locator``.</doc>
<status status="PASS" start="2024-06-01T16:51:47.575288" elapsed="0.020421"/>
</kw>
<kw name="Wait For Element" owner="utility">
<kw name="Wait Until Page Contains Element" owner="SeleniumLibrary">
<arg>${element}</arg>
<doc>Waits until the element ``locator`` appears on the current page.</doc>
<status status="PASS" start="2024-06-01T16:51:47.596398" elapsed="0.005798"/>
</kw>
<kw name="Wait Until Element Is Visible" owner="SeleniumLibrary">
<arg>${element}</arg>
<doc>Waits until the element ``locator`` is visible.</doc>
<status status="PASS" start="2024-06-01T16:51:47.602303" elapsed="0.007576"/>
</kw>
<kw name="Wait Until Element Is Enabled" owner="SeleniumLibrary">
<arg>${element}</arg>
<doc>Waits until the element ``locator`` is enabled.</doc>
<status status="PASS" start="2024-06-01T16:51:47.610169" elapsed="0.008099"/>
</kw>
<arg>xpath=${DELETE_BUTTON}</arg>
<status status="PASS" start="2024-06-01T16:51:47.596013" elapsed="0.022320"/>
</kw>
<kw name="Click Element" owner="SeleniumLibrary">
<msg time="2024-06-01T16:51:47.618539" level="INFO">Clicking element 'xpath=//*[@id="react-root"]/div/main/div/div/div[2]/div/div/div/div[3]/button'.</msg>
<arg>xpath=${DELETE_BUTTON}</arg>
<doc>Click the element identified by ``locator``.</doc>
<status status="PASS" start="2024-06-01T16:51:47.618409" elapsed="0.026558"/>
</kw>
<kw name="Wait For Element" owner="utility">
<kw name="Wait Until Page Contains Element" owner="SeleniumLibrary">
<arg>${element}</arg>
<doc>Waits until the element ``locator`` appears on the current page.</doc>
<status status="PASS" start="2024-06-01T16:51:47.645344" elapsed="0.005933"/>
</kw>
<kw name="Wait Until Element Is Visible" owner="SeleniumLibrary">
<arg>${element}</arg>
<doc>Waits until the element ``locator`` is visible.</doc>
<status status="PASS" start="2024-06-01T16:51:47.651428" elapsed="0.006712"/>
</kw>
<kw name="Wait Until Element Is Enabled" owner="SeleniumLibrary">
<arg>${element}</arg>
<doc>Waits until the element ``locator`` is enabled.</doc>
<status status="PASS" start="2024-06-01T16:51:47.658244" elapsed="0.008137"/>
</kw>
<arg>xpath=${CONFIRM_DELETE_WIDGET}</arg>
<status status="PASS" start="2024-06-01T16:51:47.645144" elapsed="0.021297"/>
</kw>
<kw name="Wait For Element" owner="utility">
<kw name="Wait Until Page Contains Element" owner="SeleniumLibrary">
<arg>${element}</arg>
<doc>Waits until the element ``locator`` appears on the current page.</doc>
<status status="PASS" start="2024-06-01T16:51:47.666706" elapsed="0.005296"/>
</kw>
<kw name="Wait Until Element Is Visible" owner="SeleniumLibrary">
<arg>${element}</arg>
<doc>Waits until the element ``locator`` is visible.</doc>
<status status="PASS" start="2024-06-01T16:51:47.672117" elapsed="0.006361"/>
</kw>
<kw name="Wait Until Element Is Enabled" owner="SeleniumLibrary">
<arg>${element}</arg>
<doc>Waits until the element ``locator`` is enabled.</doc>
<status status="PASS" start="2024-06-01T16:51:47.678581" elapsed="0.008170"/>
</kw>
<arg>xpath=${CONFIRM_DELETE_BUTTON}</arg>
<status status="PASS" start="2024-06-01T16:51:47.666537" elapsed="0.020325"/>
</kw>
<kw name="Click Element" owner="SeleniumLibrary">
<msg time="2024-06-01T16:51:47.687086" level="INFO">Clicking element 'xpath=/html/body/div[8]/div/div/div/div/div[2]/button[1]'.</msg>
<arg>xpath=${CONFIRM_DELETE_BUTTON}</arg>
<doc>Click the element identified by ``locator``.</doc>
<status status="PASS" start="2024-06-01T16:51:47.686936" elapsed="0.020304"/>
</kw>
<status status="PASS" start="2024-06-01T16:51:47.427920" elapsed="0.279389"/>
</kw>
<kw name="Go To" owner="SeleniumLibrary">
<msg time="2024-06-01T16:51:47.707602" level="INFO">Opening url 'http://127.0.0.1:3000/keystone/enquiries'</msg>
<arg>${ENQUIRY_URL}</arg>
<doc>Navigates the current browser window to the provided ``url``.</doc>
<status status="PASS" start="2024-06-01T16:51:47.707465" elapsed="0.089105"/>
</kw>
<kw name="Wait Until Location Is" owner="SeleniumLibrary">
<arg>${ENQUIRY_URL}</arg>
<doc>Waits until the current URL is ``expected``.</doc>
<status status="PASS" start="2024-06-01T16:51:47.796746" elapsed="0.002052"/>
</kw>
<kw name="Wait For Element" owner="utility">
<kw name="Wait Until Page Contains Element" owner="SeleniumLibrary">
<arg>${element}</arg>
<doc>Waits until the element ``locator`` appears on the current page.</doc>
<status status="PASS" start="2024-06-01T16:51:47.799489" elapsed="0.215309"/>
</kw>
<kw name="Wait Until Element Is Visible" owner="SeleniumLibrary">
<arg>${element}</arg>
<doc>Waits until the element ``locator`` is visible.</doc>
<status status="PASS" start="2024-06-01T16:51:48.014904" elapsed="0.005827"/>
</kw>
<kw name="Wait Until Element Is Enabled" owner="SeleniumLibrary">
<arg>${element}</arg>
<doc>Waits until the element ``locator`` is enabled.</doc>
<status status="PASS" start="2024-06-01T16:51:48.020819" elapsed="0.007922"/>
</kw>
<arg>xpath=//h2</arg>
<status status="PASS" start="2024-06-01T16:51:47.799115" elapsed="0.229687"/>
</kw>
<kw name="Element Text Should Be" owner="SeleniumLibrary">
<msg time="2024-06-01T16:51:48.029011" level="INFO">Verifying element 'xpath=//h2' contains exact text 'No enquiries found...'.</msg>
<arg>xpath=//h2</arg>
<arg>No enquiries found...</arg>
<doc>Verifies that element ``locator`` contains exact the text ``expected``.</doc>
<status status="PASS" start="2024-06-01T16:51:48.028909" elapsed="0.006074"/>
</kw>
<kw name="Run Keywords" owner="BuiltIn" type="TEARDOWN">
<kw name="Close Browser" owner="SeleniumLibrary">
<doc>Closes the current browser.</doc>
<status status="PASS" start="2024-06-01T16:51:48.035234" elapsed="0.087444"/>
</kw>
<arg>Close Browser</arg>
<doc>Executes all the given keywords in a sequence.</doc>
<status status="PASS" start="2024-06-01T16:51:48.035155" elapsed="0.087583"/>
</kw>
<status status="PASS" start="2024-06-01T16:51:40.604950" elapsed="7.517848"/>
</test>
<status status="PASS" start="2024-06-01T16:49:59.637688" elapsed="108.485536"/>
</suite>
<status status="PASS" start="2024-06-01T16:49:59.623650" elapsed="108.499910"/>
</suite>
<statistics>
<total>
<stat pass="17" fail="0" skip="0">All Tests</stat>
</total>
<tag>
</tag>
<suite>
<stat pass="17" fail="0" skip="0" id="s1" name="Tests">Tests</stat>
<stat pass="17" fail="0" skip="0" id="s1-s1" name="Test">Tests.Test</stat>
</suite>
</statistics>
<errors>
<msg time="2024-06-01T16:50:00.408208" level="WARN">Error sending stats to Plausible: error sending request for url (https://plausible.io/api/event)</msg>
</errors>
</robot>
